[2026-05-13T17:49:25.454+0000] {processor.py:186} INFO - Started process (PID=29) to work on /opt/airflow/dags/retrain_model_dag.py
[2026-05-13T17:49:25.456+0000] {processor.py:914} INFO - Processing file /opt/airflow/dags/retrain_model_dag.py for tasks to queue
[2026-05-13T17:49:25.460+0000] {logging_mixin.py:190} INFO - [2026-05-13T17:49:25.459+0000] {dagbag.py:588} INFO - Filling up the DagBag from /opt/airflow/dags/retrain_model_dag.py
[2026-05-13T17:49:29.195+0000] {processor.py:925} INFO - DAG(s) 'retrain_model_dag' retrieved from /opt/airflow/dags/retrain_model_dag.py
[2026-05-13T17:49:29.703+0000] {logging_mixin.py:190} INFO - [2026-05-13T17:49:29.702+0000] {override.py:1912} INFO - Created Permission View: can read on DAG:retrain_model_dag
[2026-05-13T17:49:29.762+0000] {logging_mixin.py:190} INFO - [2026-05-13T17:49:29.762+0000] {override.py:1912} INFO - Created Permission View: can edit on DAG:retrain_model_dag
[2026-05-13T17:49:29.808+0000] {logging_mixin.py:190} INFO - [2026-05-13T17:49:29.807+0000] {override.py:1912} INFO - Created Permission View: can delete on DAG:retrain_model_dag
[2026-05-13T17:49:29.910+0000] {logging_mixin.py:190} INFO - [2026-05-13T17:49:29.909+0000] {override.py:1912} INFO - Created Permission View: menu access on DAG Run:retrain_model_dag
[2026-05-13T17:49:29.962+0000] {logging_mixin.py:190} INFO - [2026-05-13T17:49:29.962+0000] {override.py:1912} INFO - Created Permission View: can create on DAG Run:retrain_model_dag
[2026-05-13T17:49:30.020+0000] {logging_mixin.py:190} INFO - [2026-05-13T17:49:30.019+0000] {override.py:1912} INFO - Created Permission View: can read on DAG Run:retrain_model_dag
[2026-05-13T17:49:30.079+0000] {logging_mixin.py:190} INFO - [2026-05-13T17:49:30.078+0000] {override.py:1912} INFO - Created Permission View: can delete on DAG Run:retrain_model_dag
[2026-05-13T17:49:30.080+0000] {logging_mixin.py:190} INFO - [2026-05-13T17:49:30.080+0000] {dag.py:3239} INFO - Sync 1 DAGs
[2026-05-13T17:49:30.161+0000] {logging_mixin.py:190} INFO - [2026-05-13T17:49:30.161+0000] {dag.py:3262} INFO - Creating ORM DAG for retrain_model_dag
[2026-05-13T17:49:30.178+0000] {logging_mixin.py:190} INFO - [2026-05-13T17:49:30.178+0000] {dag.py:4180} INFO - Setting next_dagrun for retrain_model_dag to 2026-05-12 00:00:00+00:00, run_after=2026-05-13 00:00:00+00:00
[2026-05-13T17:49:30.244+0000] {processor.py:208} INFO - Processing /opt/airflow/dags/retrain_model_dag.py took 4.799 seconds
[2026-05-13T17:50:00.758+0000] {processor.py:186} INFO - Started process (PID=39) to work on /opt/airflow/dags/retrain_model_dag.py
[2026-05-13T17:50:00.759+0000] {processor.py:914} INFO - Processing file /opt/airflow/dags/retrain_model_dag.py for tasks to queue
[2026-05-13T17:50:00.763+0000] {logging_mixin.py:190} INFO - [2026-05-13T17:50:00.762+0000] {dagbag.py:588} INFO - Filling up the DagBag from /opt/airflow/dags/retrain_model_dag.py
[2026-05-13T17:50:02.523+0000] {processor.py:925} INFO - DAG(s) 'retrain_model_dag' retrieved from /opt/airflow/dags/retrain_model_dag.py
[2026-05-13T17:50:02.555+0000] {logging_mixin.py:190} INFO - [2026-05-13T17:50:02.554+0000] {dag.py:3239} INFO - Sync 1 DAGs
[2026-05-13T17:50:02.586+0000] {logging_mixin.py:190} INFO - [2026-05-13T17:50:02.586+0000] {dag.py:4180} INFO - Setting next_dagrun for retrain_model_dag to 2026-05-12 00:00:00+00:00, run_after=2026-05-13 00:00:00+00:00
[2026-05-13T17:50:02.633+0000] {processor.py:208} INFO - Processing /opt/airflow/dags/retrain_model_dag.py took 1.884 seconds
[2026-05-13T17:50:32.890+0000] {processor.py:186} INFO - Started process (PID=49) to work on /opt/airflow/dags/retrain_model_dag.py
[2026-05-13T17:50:32.891+0000] {processor.py:914} INFO - Processing file /opt/airflow/dags/retrain_model_dag.py for tasks to queue
[2026-05-13T17:50:32.895+0000] {logging_mixin.py:190} INFO - [2026-05-13T17:50:32.894+0000] {dagbag.py:588} INFO - Filling up the DagBag from /opt/airflow/dags/retrain_model_dag.py
[2026-05-13T17:50:34.732+0000] {processor.py:925} INFO - DAG(s) 'retrain_model_dag' retrieved from /opt/airflow/dags/retrain_model_dag.py
[2026-05-13T17:50:34.766+0000] {logging_mixin.py:190} INFO - [2026-05-13T17:50:34.765+0000] {dag.py:3239} INFO - Sync 1 DAGs
[2026-05-13T17:50:34.804+0000] {logging_mixin.py:190} INFO - [2026-05-13T17:50:34.804+0000] {dag.py:4180} INFO - Setting next_dagrun for retrain_model_dag to 2026-05-12 00:00:00+00:00, run_after=2026-05-13 00:00:00+00:00
[2026-05-13T17:50:34.875+0000] {processor.py:208} INFO - Processing /opt/airflow/dags/retrain_model_dag.py took 1.994 seconds
[2026-05-13T17:51:05.133+0000] {processor.py:186} INFO - Started process (PID=59) to work on /opt/airflow/dags/retrain_model_dag.py
[2026-05-13T17:51:05.134+0000] {processor.py:914} INFO - Processing file /opt/airflow/dags/retrain_model_dag.py for tasks to queue
[2026-05-13T17:51:05.138+0000] {logging_mixin.py:190} INFO - [2026-05-13T17:51:05.137+0000] {dagbag.py:588} INFO - Filling up the DagBag from /opt/airflow/dags/retrain_model_dag.py
[2026-05-13T17:51:07.289+0000] {processor.py:925} INFO - DAG(s) 'retrain_model_dag' retrieved from /opt/airflow/dags/retrain_model_dag.py
[2026-05-13T17:51:07.326+0000] {logging_mixin.py:190} INFO - [2026-05-13T17:51:07.326+0000] {dag.py:3239} INFO - Sync 1 DAGs
[2026-05-13T17:51:07.362+0000] {logging_mixin.py:190} INFO - [2026-05-13T17:51:07.361+0000] {dag.py:4180} INFO - Setting next_dagrun for retrain_model_dag to 2026-05-12 00:00:00+00:00, run_after=2026-05-13 00:00:00+00:00
[2026-05-13T17:51:07.435+0000] {processor.py:208} INFO - Processing /opt/airflow/dags/retrain_model_dag.py took 2.312 seconds
[2026-05-13T17:51:37.922+0000] {processor.py:186} INFO - Started process (PID=69) to work on /opt/airflow/dags/retrain_model_dag.py
[2026-05-13T17:51:37.925+0000] {processor.py:914} INFO - Processing file /opt/airflow/dags/retrain_model_dag.py for tasks to queue
[2026-05-13T17:51:37.930+0000] {logging_mixin.py:190} INFO - [2026-05-13T17:51:37.929+0000] {dagbag.py:588} INFO - Filling up the DagBag from /opt/airflow/dags/retrain_model_dag.py
[2026-05-13T17:51:40.241+0000] {processor.py:925} INFO - DAG(s) 'retrain_model_dag' retrieved from /opt/airflow/dags/retrain_model_dag.py
[2026-05-13T17:51:40.275+0000] {logging_mixin.py:190} INFO - [2026-05-13T17:51:40.274+0000] {dag.py:3239} INFO - Sync 1 DAGs
[2026-05-13T17:51:40.306+0000] {logging_mixin.py:190} INFO - [2026-05-13T17:51:40.305+0000] {dag.py:4180} INFO - Setting next_dagrun for retrain_model_dag to 2026-05-12 00:00:00+00:00, run_after=2026-05-13 00:00:00+00:00
[2026-05-13T17:51:40.369+0000] {processor.py:208} INFO - Processing /opt/airflow/dags/retrain_model_dag.py took 2.470 seconds
[2026-05-13T17:52:10.442+0000] {processor.py:186} INFO - Started process (PID=79) to work on /opt/airflow/dags/retrain_model_dag.py
[2026-05-13T17:52:10.443+0000] {processor.py:914} INFO - Processing file /opt/airflow/dags/retrain_model_dag.py for tasks to queue
[2026-05-13T17:52:10.447+0000] {logging_mixin.py:190} INFO - [2026-05-13T17:52:10.447+0000] {dagbag.py:588} INFO - Filling up the DagBag from /opt/airflow/dags/retrain_model_dag.py
[2026-05-13T17:52:11.801+0000] {processor.py:925} INFO - DAG(s) 'retrain_model_dag' retrieved from /opt/airflow/dags/retrain_model_dag.py
[2026-05-13T17:52:11.830+0000] {logging_mixin.py:190} INFO - [2026-05-13T17:52:11.830+0000] {dag.py:3239} INFO - Sync 1 DAGs
[2026-05-13T17:52:11.856+0000] {logging_mixin.py:190} INFO - [2026-05-13T17:52:11.856+0000] {dag.py:4180} INFO - Setting next_dagrun for retrain_model_dag to 2026-05-12 00:00:00+00:00, run_after=2026-05-13 00:00:00+00:00
[2026-05-13T17:52:11.934+0000] {processor.py:208} INFO - Processing /opt/airflow/dags/retrain_model_dag.py took 1.500 seconds
[2026-05-13T17:52:42.260+0000] {processor.py:186} INFO - Started process (PID=89) to work on /opt/airflow/dags/retrain_model_dag.py
[2026-05-13T17:52:42.261+0000] {processor.py:914} INFO - Processing file /opt/airflow/dags/retrain_model_dag.py for tasks to queue
[2026-05-13T17:52:42.265+0000] {logging_mixin.py:190} INFO - [2026-05-13T17:52:42.265+0000] {dagbag.py:588} INFO - Filling up the DagBag from /opt/airflow/dags/retrain_model_dag.py
[2026-05-13T17:52:43.709+0000] {processor.py:925} INFO - DAG(s) 'retrain_model_dag' retrieved from /opt/airflow/dags/retrain_model_dag.py
[2026-05-13T17:52:43.737+0000] {logging_mixin.py:190} INFO - [2026-05-13T17:52:43.736+0000] {dag.py:3239} INFO - Sync 1 DAGs
[2026-05-13T17:52:43.763+0000] {logging_mixin.py:190} INFO - [2026-05-13T17:52:43.763+0000] {dag.py:4180} INFO - Setting next_dagrun for retrain_model_dag to 2026-05-12 00:00:00+00:00, run_after=2026-05-13 00:00:00+00:00
[2026-05-13T17:52:43.824+0000] {processor.py:208} INFO - Processing /opt/airflow/dags/retrain_model_dag.py took 1.574 seconds
[2026-05-13T17:53:14.016+0000] {processor.py:186} INFO - Started process (PID=99) to work on /opt/airflow/dags/retrain_model_dag.py
[2026-05-13T17:53:14.017+0000] {processor.py:914} INFO - Processing file /opt/airflow/dags/retrain_model_dag.py for tasks to queue
[2026-05-13T17:53:14.020+0000] {logging_mixin.py:190} INFO - [2026-05-13T17:53:14.019+0000] {dagbag.py:588} INFO - Filling up the DagBag from /opt/airflow/dags/retrain_model_dag.py
[2026-05-13T17:53:15.698+0000] {processor.py:925} INFO - DAG(s) 'retrain_model_dag' retrieved from /opt/airflow/dags/retrain_model_dag.py
[2026-05-13T17:53:15.739+0000] {logging_mixin.py:190} INFO - [2026-05-13T17:53:15.738+0000] {dag.py:3239} INFO - Sync 1 DAGs
[2026-05-13T17:53:15.798+0000] {logging_mixin.py:190} INFO - [2026-05-13T17:53:15.798+0000] {dag.py:4180} INFO - Setting next_dagrun for retrain_model_dag to 2026-05-12 00:00:00+00:00, run_after=2026-05-13 00:00:00+00:00
[2026-05-13T17:53:15.864+0000] {processor.py:208} INFO - Processing /opt/airflow/dags/retrain_model_dag.py took 1.856 seconds
[2026-05-13T17:53:46.180+0000] {processor.py:186} INFO - Started process (PID=109) to work on /opt/airflow/dags/retrain_model_dag.py
[2026-05-13T17:53:46.182+0000] {processor.py:914} INFO - Processing file /opt/airflow/dags/retrain_model_dag.py for tasks to queue
[2026-05-13T17:53:46.186+0000] {logging_mixin.py:190} INFO - [2026-05-13T17:53:46.185+0000] {dagbag.py:588} INFO - Filling up the DagBag from /opt/airflow/dags/retrain_model_dag.py
[2026-05-13T17:53:47.670+0000] {processor.py:925} INFO - DAG(s) 'retrain_model_dag' retrieved from /opt/airflow/dags/retrain_model_dag.py
[2026-05-13T17:53:47.699+0000] {logging_mixin.py:190} INFO - [2026-05-13T17:53:47.699+0000] {dag.py:3239} INFO - Sync 1 DAGs
[2026-05-13T17:53:47.727+0000] {logging_mixin.py:190} INFO - [2026-05-13T17:53:47.727+0000] {dag.py:4180} INFO - Setting next_dagrun for retrain_model_dag to 2026-05-12 00:00:00+00:00, run_after=2026-05-13 00:00:00+00:00
[2026-05-13T17:53:47.790+0000] {processor.py:208} INFO - Processing /opt/airflow/dags/retrain_model_dag.py took 1.618 seconds
[2026-05-13T17:54:18.056+0000] {processor.py:186} INFO - Started process (PID=119) to work on /opt/airflow/dags/retrain_model_dag.py
[2026-05-13T17:54:18.058+0000] {processor.py:914} INFO - Processing file /opt/airflow/dags/retrain_model_dag.py for tasks to queue
[2026-05-13T17:54:18.063+0000] {logging_mixin.py:190} INFO - [2026-05-13T17:54:18.063+0000] {dagbag.py:588} INFO - Filling up the DagBag from /opt/airflow/dags/retrain_model_dag.py
[2026-05-13T17:54:19.605+0000] {processor.py:925} INFO - DAG(s) 'retrain_model_dag' retrieved from /opt/airflow/dags/retrain_model_dag.py
[2026-05-13T17:54:19.635+0000] {logging_mixin.py:190} INFO - [2026-05-13T17:54:19.634+0000] {dag.py:3239} INFO - Sync 1 DAGs
[2026-05-13T17:54:19.661+0000] {logging_mixin.py:190} INFO - [2026-05-13T17:54:19.660+0000] {dag.py:4180} INFO - Setting next_dagrun for retrain_model_dag to 2026-05-12 00:00:00+00:00, run_after=2026-05-13 00:00:00+00:00
[2026-05-13T17:54:19.717+0000] {processor.py:208} INFO - Processing /opt/airflow/dags/retrain_model_dag.py took 1.672 seconds
[2026-05-13T17:54:49.781+0000] {processor.py:186} INFO - Started process (PID=169) to work on /opt/airflow/dags/retrain_model_dag.py
[2026-05-13T17:54:49.782+0000] {processor.py:914} INFO - Processing file /opt/airflow/dags/retrain_model_dag.py for tasks to queue
[2026-05-13T17:54:49.784+0000] {logging_mixin.py:190} INFO - [2026-05-13T17:54:49.784+0000] {dagbag.py:588} INFO - Filling up the DagBag from /opt/airflow/dags/retrain_model_dag.py
[2026-05-13T17:54:51.181+0000] {processor.py:925} INFO - DAG(s) 'retrain_model_dag' retrieved from /opt/airflow/dags/retrain_model_dag.py
[2026-05-13T17:54:51.210+0000] {logging_mixin.py:190} INFO - [2026-05-13T17:54:51.210+0000] {dag.py:3239} INFO - Sync 1 DAGs
[2026-05-13T17:54:51.236+0000] {logging_mixin.py:190} INFO - [2026-05-13T17:54:51.236+0000] {dag.py:4180} INFO - Setting next_dagrun for retrain_model_dag to 2026-05-13 00:00:00+00:00, run_after=2026-05-14 00:00:00+00:00
[2026-05-13T17:54:51.317+0000] {processor.py:208} INFO - Processing /opt/airflow/dags/retrain_model_dag.py took 1.543 seconds
[2026-05-13T17:55:21.585+0000] {processor.py:186} INFO - Started process (PID=179) to work on /opt/airflow/dags/retrain_model_dag.py
[2026-05-13T17:55:21.586+0000] {processor.py:914} INFO - Processing file /opt/airflow/dags/retrain_model_dag.py for tasks to queue
[2026-05-13T17:55:21.589+0000] {logging_mixin.py:190} INFO - [2026-05-13T17:55:21.588+0000] {dagbag.py:588} INFO - Filling up the DagBag from /opt/airflow/dags/retrain_model_dag.py
[2026-05-13T17:55:22.912+0000] {processor.py:925} INFO - DAG(s) 'retrain_model_dag' retrieved from /opt/airflow/dags/retrain_model_dag.py
[2026-05-13T17:55:22.941+0000] {logging_mixin.py:190} INFO - [2026-05-13T17:55:22.941+0000] {dag.py:3239} INFO - Sync 1 DAGs
[2026-05-13T17:55:22.967+0000] {logging_mixin.py:190} INFO - [2026-05-13T17:55:22.967+0000] {dag.py:4180} INFO - Setting next_dagrun for retrain_model_dag to 2026-05-13 00:00:00+00:00, run_after=2026-05-14 00:00:00+00:00
[2026-05-13T17:55:23.043+0000] {processor.py:208} INFO - Processing /opt/airflow/dags/retrain_model_dag.py took 1.464 seconds
[2026-05-13T17:55:53.410+0000] {processor.py:186} INFO - Started process (PID=189) to work on /opt/airflow/dags/retrain_model_dag.py
[2026-05-13T17:55:53.411+0000] {processor.py:914} INFO - Processing file /opt/airflow/dags/retrain_model_dag.py for tasks to queue
[2026-05-13T17:55:53.415+0000] {logging_mixin.py:190} INFO - [2026-05-13T17:55:53.414+0000] {dagbag.py:588} INFO - Filling up the DagBag from /opt/airflow/dags/retrain_model_dag.py
[2026-05-13T17:55:54.742+0000] {processor.py:925} INFO - DAG(s) 'retrain_model_dag' retrieved from /opt/airflow/dags/retrain_model_dag.py
[2026-05-13T17:55:54.772+0000] {logging_mixin.py:190} INFO - [2026-05-13T17:55:54.772+0000] {dag.py:3239} INFO - Sync 1 DAGs
[2026-05-13T17:55:54.800+0000] {logging_mixin.py:190} INFO - [2026-05-13T17:55:54.800+0000] {dag.py:4180} INFO - Setting next_dagrun for retrain_model_dag to 2026-05-13 00:00:00+00:00, run_after=2026-05-14 00:00:00+00:00
[2026-05-13T17:55:54.969+0000] {processor.py:208} INFO - Processing /opt/airflow/dags/retrain_model_dag.py took 1.566 seconds
[2026-05-13T17:56:25.374+0000] {processor.py:186} INFO - Started process (PID=199) to work on /opt/airflow/dags/retrain_model_dag.py
[2026-05-13T17:56:25.375+0000] {processor.py:914} INFO - Processing file /opt/airflow/dags/retrain_model_dag.py for tasks to queue
[2026-05-13T17:56:25.378+0000] {logging_mixin.py:190} INFO - [2026-05-13T17:56:25.378+0000] {dagbag.py:588} INFO - Filling up the DagBag from /opt/airflow/dags/retrain_model_dag.py
[2026-05-13T17:56:26.717+0000] {processor.py:925} INFO - DAG(s) 'retrain_model_dag' retrieved from /opt/airflow/dags/retrain_model_dag.py
[2026-05-13T17:56:26.747+0000] {logging_mixin.py:190} INFO - [2026-05-13T17:56:26.746+0000] {dag.py:3239} INFO - Sync 1 DAGs
[2026-05-13T17:56:26.776+0000] {logging_mixin.py:190} INFO - [2026-05-13T17:56:26.776+0000] {dag.py:4180} INFO - Setting next_dagrun for retrain_model_dag to 2026-05-13 00:00:00+00:00, run_after=2026-05-14 00:00:00+00:00
[2026-05-13T17:56:26.935+0000] {processor.py:208} INFO - Processing /opt/airflow/dags/retrain_model_dag.py took 1.568 seconds
[2026-05-13T17:56:57.162+0000] {processor.py:186} INFO - Started process (PID=209) to work on /opt/airflow/dags/retrain_model_dag.py
[2026-05-13T17:56:57.163+0000] {processor.py:914} INFO - Processing file /opt/airflow/dags/retrain_model_dag.py for tasks to queue
[2026-05-13T17:56:57.167+0000] {logging_mixin.py:190} INFO - [2026-05-13T17:56:57.166+0000] {dagbag.py:588} INFO - Filling up the DagBag from /opt/airflow/dags/retrain_model_dag.py
[2026-05-13T17:56:58.505+0000] {processor.py:925} INFO - DAG(s) 'retrain_model_dag' retrieved from /opt/airflow/dags/retrain_model_dag.py
[2026-05-13T17:56:58.535+0000] {logging_mixin.py:190} INFO - [2026-05-13T17:56:58.534+0000] {dag.py:3239} INFO - Sync 1 DAGs
[2026-05-13T17:56:58.650+0000] {logging_mixin.py:190} INFO - [2026-05-13T17:56:58.650+0000] {dag.py:4180} INFO - Setting next_dagrun for retrain_model_dag to 2026-05-13 00:00:00+00:00, run_after=2026-05-14 00:00:00+00:00
[2026-05-13T17:56:58.704+0000] {processor.py:208} INFO - Processing /opt/airflow/dags/retrain_model_dag.py took 1.551 seconds
[2026-05-13T17:57:29.058+0000] {processor.py:186} INFO - Started process (PID=219) to work on /opt/airflow/dags/retrain_model_dag.py
[2026-05-13T17:57:29.059+0000] {processor.py:914} INFO - Processing file /opt/airflow/dags/retrain_model_dag.py for tasks to queue
[2026-05-13T17:57:29.062+0000] {logging_mixin.py:190} INFO - [2026-05-13T17:57:29.062+0000] {dagbag.py:588} INFO - Filling up the DagBag from /opt/airflow/dags/retrain_model_dag.py
[2026-05-13T17:57:30.515+0000] {processor.py:925} INFO - DAG(s) 'retrain_model_dag' retrieved from /opt/airflow/dags/retrain_model_dag.py
[2026-05-13T17:57:30.545+0000] {logging_mixin.py:190} INFO - [2026-05-13T17:57:30.545+0000] {dag.py:3239} INFO - Sync 1 DAGs
[2026-05-13T17:57:30.671+0000] {logging_mixin.py:190} INFO - [2026-05-13T17:57:30.671+0000] {dag.py:4180} INFO - Setting next_dagrun for retrain_model_dag to 2026-05-13 00:00:00+00:00, run_after=2026-05-14 00:00:00+00:00
[2026-05-13T17:57:30.723+0000] {processor.py:208} INFO - Processing /opt/airflow/dags/retrain_model_dag.py took 1.674 seconds
[2026-05-13T17:58:01.100+0000] {processor.py:186} INFO - Started process (PID=269) to work on /opt/airflow/dags/retrain_model_dag.py
[2026-05-13T17:58:01.102+0000] {processor.py:914} INFO - Processing file /opt/airflow/dags/retrain_model_dag.py for tasks to queue
[2026-05-13T17:58:01.105+0000] {logging_mixin.py:190} INFO - [2026-05-13T17:58:01.105+0000] {dagbag.py:588} INFO - Filling up the DagBag from /opt/airflow/dags/retrain_model_dag.py
[2026-05-13T17:58:02.964+0000] {processor.py:925} INFO - DAG(s) 'retrain_model_dag' retrieved from /opt/airflow/dags/retrain_model_dag.py
[2026-05-13T17:58:02.995+0000] {logging_mixin.py:190} INFO - [2026-05-13T17:58:02.995+0000] {dag.py:3239} INFO - Sync 1 DAGs
[2026-05-13T17:58:03.124+0000] {logging_mixin.py:190} INFO - [2026-05-13T17:58:03.123+0000] {dag.py:4180} INFO - Setting next_dagrun for retrain_model_dag to 2026-05-13 00:00:00+00:00, run_after=2026-05-14 00:00:00+00:00
[2026-05-13T17:58:03.180+0000] {processor.py:208} INFO - Processing /opt/airflow/dags/retrain_model_dag.py took 2.091 seconds
[2026-05-13T17:58:33.565+0000] {processor.py:186} INFO - Started process (PID=279) to work on /opt/airflow/dags/retrain_model_dag.py
[2026-05-13T17:58:33.567+0000] {processor.py:914} INFO - Processing file /opt/airflow/dags/retrain_model_dag.py for tasks to queue
[2026-05-13T17:58:33.570+0000] {logging_mixin.py:190} INFO - [2026-05-13T17:58:33.570+0000] {dagbag.py:588} INFO - Filling up the DagBag from /opt/airflow/dags/retrain_model_dag.py
[2026-05-13T17:58:35.000+0000] {processor.py:925} INFO - DAG(s) 'retrain_model_dag' retrieved from /opt/airflow/dags/retrain_model_dag.py
[2026-05-13T17:58:35.142+0000] {logging_mixin.py:190} INFO - [2026-05-13T17:58:35.142+0000] {dag.py:3239} INFO - Sync 1 DAGs
[2026-05-13T17:58:35.175+0000] {logging_mixin.py:190} INFO - [2026-05-13T17:58:35.175+0000] {dag.py:4180} INFO - Setting next_dagrun for retrain_model_dag to 2026-05-13 00:00:00+00:00, run_after=2026-05-14 00:00:00+00:00
[2026-05-13T17:58:35.237+0000] {processor.py:208} INFO - Processing /opt/airflow/dags/retrain_model_dag.py took 1.682 seconds
[2026-05-13T17:59:05.542+0000] {processor.py:186} INFO - Started process (PID=289) to work on /opt/airflow/dags/retrain_model_dag.py
[2026-05-13T17:59:05.543+0000] {processor.py:914} INFO - Processing file /opt/airflow/dags/retrain_model_dag.py for tasks to queue
[2026-05-13T17:59:05.546+0000] {logging_mixin.py:190} INFO - [2026-05-13T17:59:05.546+0000] {dagbag.py:588} INFO - Filling up the DagBag from /opt/airflow/dags/retrain_model_dag.py
[2026-05-13T17:59:07.475+0000] {processor.py:925} INFO - DAG(s) 'retrain_model_dag' retrieved from /opt/airflow/dags/retrain_model_dag.py
[2026-05-13T17:59:07.508+0000] {logging_mixin.py:190} INFO - [2026-05-13T17:59:07.508+0000] {dag.py:3239} INFO - Sync 1 DAGs
[2026-05-13T17:59:07.539+0000] {logging_mixin.py:190} INFO - [2026-05-13T17:59:07.539+0000] {dag.py:4180} INFO - Setting next_dagrun for retrain_model_dag to 2026-05-13 00:00:00+00:00, run_after=2026-05-14 00:00:00+00:00
[2026-05-13T17:59:07.610+0000] {processor.py:208} INFO - Processing /opt/airflow/dags/retrain_model_dag.py took 2.077 seconds
[2026-05-13T17:59:37.801+0000] {processor.py:186} INFO - Started process (PID=299) to work on /opt/airflow/dags/retrain_model_dag.py
[2026-05-13T17:59:37.803+0000] {processor.py:914} INFO - Processing file /opt/airflow/dags/retrain_model_dag.py for tasks to queue
[2026-05-13T17:59:37.805+0000] {logging_mixin.py:190} INFO - [2026-05-13T17:59:37.805+0000] {dagbag.py:588} INFO - Filling up the DagBag from /opt/airflow/dags/retrain_model_dag.py
[2026-05-13T17:59:39.221+0000] {processor.py:925} INFO - DAG(s) 'retrain_model_dag' retrieved from /opt/airflow/dags/retrain_model_dag.py
[2026-05-13T17:59:39.250+0000] {logging_mixin.py:190} INFO - [2026-05-13T17:59:39.250+0000] {dag.py:3239} INFO - Sync 1 DAGs
[2026-05-13T17:59:39.276+0000] {logging_mixin.py:190} INFO - [2026-05-13T17:59:39.276+0000] {dag.py:4180} INFO - Setting next_dagrun for retrain_model_dag to 2026-05-13 00:00:00+00:00, run_after=2026-05-14 00:00:00+00:00
[2026-05-13T17:59:39.340+0000] {processor.py:208} INFO - Processing /opt/airflow/dags/retrain_model_dag.py took 1.546 seconds
[2026-05-13T18:00:09.651+0000] {processor.py:186} INFO - Started process (PID=309) to work on /opt/airflow/dags/retrain_model_dag.py
[2026-05-13T18:00:09.652+0000] {processor.py:914} INFO - Processing file /opt/airflow/dags/retrain_model_dag.py for tasks to queue
[2026-05-13T18:00:09.655+0000] {logging_mixin.py:190} INFO - [2026-05-13T18:00:09.655+0000] {dagbag.py:588} INFO - Filling up the DagBag from /opt/airflow/dags/retrain_model_dag.py
[2026-05-13T18:00:11.204+0000] {processor.py:925} INFO - DAG(s) 'retrain_model_dag' retrieved from /opt/airflow/dags/retrain_model_dag.py
[2026-05-13T18:00:11.229+0000] {logging_mixin.py:190} INFO - [2026-05-13T18:00:11.229+0000] {dag.py:3239} INFO - Sync 1 DAGs
[2026-05-13T18:00:11.258+0000] {logging_mixin.py:190} INFO - [2026-05-13T18:00:11.258+0000] {dag.py:4180} INFO - Setting next_dagrun for retrain_model_dag to 2026-05-13 00:00:00+00:00, run_after=2026-05-14 00:00:00+00:00
[2026-05-13T18:00:11.309+0000] {processor.py:208} INFO - Processing /opt/airflow/dags/retrain_model_dag.py took 1.665 seconds
[2026-05-13T18:00:41.405+0000] {processor.py:186} INFO - Started process (PID=319) to work on /opt/airflow/dags/retrain_model_dag.py
[2026-05-13T18:00:41.407+0000] {processor.py:914} INFO - Processing file /opt/airflow/dags/retrain_model_dag.py for tasks to queue
[2026-05-13T18:00:41.409+0000] {logging_mixin.py:190} INFO - [2026-05-13T18:00:41.409+0000] {dagbag.py:588} INFO - Filling up the DagBag from /opt/airflow/dags/retrain_model_dag.py
[2026-05-13T18:00:42.746+0000] {processor.py:925} INFO - DAG(s) 'retrain_model_dag' retrieved from /opt/airflow/dags/retrain_model_dag.py
[2026-05-13T18:00:42.775+0000] {logging_mixin.py:190} INFO - [2026-05-13T18:00:42.774+0000] {dag.py:3239} INFO - Sync 1 DAGs
[2026-05-13T18:00:42.890+0000] {logging_mixin.py:190} INFO - [2026-05-13T18:00:42.890+0000] {dag.py:4180} INFO - Setting next_dagrun for retrain_model_dag to 2026-05-13 00:00:00+00:00, run_after=2026-05-14 00:00:00+00:00
[2026-05-13T18:00:42.949+0000] {processor.py:208} INFO - Processing /opt/airflow/dags/retrain_model_dag.py took 1.550 seconds
[2026-05-13T18:01:13.051+0000] {processor.py:186} INFO - Started process (PID=329) to work on /opt/airflow/dags/retrain_model_dag.py
[2026-05-13T18:01:13.053+0000] {processor.py:914} INFO - Processing file /opt/airflow/dags/retrain_model_dag.py for tasks to queue
[2026-05-13T18:01:13.055+0000] {logging_mixin.py:190} INFO - [2026-05-13T18:01:13.055+0000] {dagbag.py:588} INFO - Filling up the DagBag from /opt/airflow/dags/retrain_model_dag.py
[2026-05-13T18:01:14.442+0000] {processor.py:925} INFO - DAG(s) 'retrain_model_dag' retrieved from /opt/airflow/dags/retrain_model_dag.py
[2026-05-13T18:01:14.474+0000] {logging_mixin.py:190} INFO - [2026-05-13T18:01:14.473+0000] {dag.py:3239} INFO - Sync 1 DAGs
[2026-05-13T18:01:14.586+0000] {logging_mixin.py:190} INFO - [2026-05-13T18:01:14.586+0000] {dag.py:4180} INFO - Setting next_dagrun for retrain_model_dag to 2026-05-13 00:00:00+00:00, run_after=2026-05-14 00:00:00+00:00
[2026-05-13T18:01:14.654+0000] {processor.py:208} INFO - Processing /opt/airflow/dags/retrain_model_dag.py took 1.609 seconds
[2026-05-13T18:01:44.838+0000] {processor.py:186} INFO - Started process (PID=339) to work on /opt/airflow/dags/retrain_model_dag.py
[2026-05-13T18:01:44.840+0000] {processor.py:914} INFO - Processing file /opt/airflow/dags/retrain_model_dag.py for tasks to queue
[2026-05-13T18:01:44.843+0000] {logging_mixin.py:190} INFO - [2026-05-13T18:01:44.842+0000] {dagbag.py:588} INFO - Filling up the DagBag from /opt/airflow/dags/retrain_model_dag.py
[2026-05-13T18:01:46.327+0000] {processor.py:925} INFO - DAG(s) 'retrain_model_dag' retrieved from /opt/airflow/dags/retrain_model_dag.py
[2026-05-13T18:01:46.485+0000] {logging_mixin.py:190} INFO - [2026-05-13T18:01:46.485+0000] {dag.py:3239} INFO - Sync 1 DAGs
[2026-05-13T18:01:46.513+0000] {logging_mixin.py:190} INFO - [2026-05-13T18:01:46.512+0000] {dag.py:4180} INFO - Setting next_dagrun for retrain_model_dag to 2026-05-13 00:00:00+00:00, run_after=2026-05-14 00:00:00+00:00
[2026-05-13T18:01:46.576+0000] {processor.py:208} INFO - Processing /opt/airflow/dags/retrain_model_dag.py took 1.744 seconds
[2026-05-13T18:02:16.685+0000] {processor.py:186} INFO - Started process (PID=349) to work on /opt/airflow/dags/retrain_model_dag.py
[2026-05-13T18:02:16.686+0000] {processor.py:914} INFO - Processing file /opt/airflow/dags/retrain_model_dag.py for tasks to queue
[2026-05-13T18:02:16.689+0000] {logging_mixin.py:190} INFO - [2026-05-13T18:02:16.689+0000] {dagbag.py:588} INFO - Filling up the DagBag from /opt/airflow/dags/retrain_model_dag.py
[2026-05-13T18:02:18.168+0000] {processor.py:925} INFO - DAG(s) 'retrain_model_dag' retrieved from /opt/airflow/dags/retrain_model_dag.py
[2026-05-13T18:02:18.197+0000] {logging_mixin.py:190} INFO - [2026-05-13T18:02:18.197+0000] {dag.py:3239} INFO - Sync 1 DAGs
[2026-05-13T18:02:18.223+0000] {logging_mixin.py:190} INFO - [2026-05-13T18:02:18.222+0000] {dag.py:4180} INFO - Setting next_dagrun for retrain_model_dag to 2026-05-13 00:00:00+00:00, run_after=2026-05-14 00:00:00+00:00
[2026-05-13T18:02:18.281+0000] {processor.py:208} INFO - Processing /opt/airflow/dags/retrain_model_dag.py took 1.602 seconds
[2026-05-13T18:02:48.491+0000] {processor.py:186} INFO - Started process (PID=359) to work on /opt/airflow/dags/retrain_model_dag.py
[2026-05-13T18:02:48.493+0000] {processor.py:914} INFO - Processing file /opt/airflow/dags/retrain_model_dag.py for tasks to queue
[2026-05-13T18:02:48.496+0000] {logging_mixin.py:190} INFO - [2026-05-13T18:02:48.496+0000] {dagbag.py:588} INFO - Filling up the DagBag from /opt/airflow/dags/retrain_model_dag.py
[2026-05-13T18:02:50.184+0000] {processor.py:925} INFO - DAG(s) 'retrain_model_dag' retrieved from /opt/airflow/dags/retrain_model_dag.py
[2026-05-13T18:02:50.216+0000] {logging_mixin.py:190} INFO - [2026-05-13T18:02:50.215+0000] {dag.py:3239} INFO - Sync 1 DAGs
[2026-05-13T18:02:50.244+0000] {logging_mixin.py:190} INFO - [2026-05-13T18:02:50.244+0000] {dag.py:4180} INFO - Setting next_dagrun for retrain_model_dag to 2026-05-13 00:00:00+00:00, run_after=2026-05-14 00:00:00+00:00
[2026-05-13T18:02:50.310+0000] {processor.py:208} INFO - Processing /opt/airflow/dags/retrain_model_dag.py took 1.825 seconds
[2026-05-13T18:03:20.558+0000] {processor.py:186} INFO - Started process (PID=369) to work on /opt/airflow/dags/retrain_model_dag.py
[2026-05-13T18:03:20.560+0000] {processor.py:914} INFO - Processing file /opt/airflow/dags/retrain_model_dag.py for tasks to queue
[2026-05-13T18:03:20.562+0000] {logging_mixin.py:190} INFO - [2026-05-13T18:03:20.562+0000] {dagbag.py:588} INFO - Filling up the DagBag from /opt/airflow/dags/retrain_model_dag.py
[2026-05-13T18:03:22.292+0000] {processor.py:925} INFO - DAG(s) 'retrain_model_dag' retrieved from /opt/airflow/dags/retrain_model_dag.py
[2026-05-13T18:03:22.321+0000] {logging_mixin.py:190} INFO - [2026-05-13T18:03:22.321+0000] {dag.py:3239} INFO - Sync 1 DAGs
[2026-05-13T18:03:22.351+0000] {logging_mixin.py:190} INFO - [2026-05-13T18:03:22.351+0000] {dag.py:4180} INFO - Setting next_dagrun for retrain_model_dag to 2026-05-13 00:00:00+00:00, run_after=2026-05-14 00:00:00+00:00
[2026-05-13T18:03:22.409+0000] {processor.py:208} INFO - Processing /opt/airflow/dags/retrain_model_dag.py took 1.857 seconds
[2026-05-13T18:03:52.708+0000] {processor.py:186} INFO - Started process (PID=379) to work on /opt/airflow/dags/retrain_model_dag.py
[2026-05-13T18:03:52.709+0000] {processor.py:914} INFO - Processing file /opt/airflow/dags/retrain_model_dag.py for tasks to queue
[2026-05-13T18:03:52.712+0000] {logging_mixin.py:190} INFO - [2026-05-13T18:03:52.711+0000] {dagbag.py:588} INFO - Filling up the DagBag from /opt/airflow/dags/retrain_model_dag.py
[2026-05-13T18:03:54.119+0000] {processor.py:925} INFO - DAG(s) 'retrain_model_dag' retrieved from /opt/airflow/dags/retrain_model_dag.py
[2026-05-13T18:03:54.149+0000] {logging_mixin.py:190} INFO - [2026-05-13T18:03:54.149+0000] {dag.py:3239} INFO - Sync 1 DAGs
[2026-05-13T18:03:54.263+0000] {logging_mixin.py:190} INFO - [2026-05-13T18:03:54.263+0000] {dag.py:4180} INFO - Setting next_dagrun for retrain_model_dag to 2026-05-13 00:00:00+00:00, run_after=2026-05-14 00:00:00+00:00
[2026-05-13T18:03:54.319+0000] {processor.py:208} INFO - Processing /opt/airflow/dags/retrain_model_dag.py took 1.617 seconds
[2026-05-13T18:04:24.616+0000] {processor.py:186} INFO - Started process (PID=389) to work on /opt/airflow/dags/retrain_model_dag.py
[2026-05-13T18:04:24.618+0000] {processor.py:914} INFO - Processing file /opt/airflow/dags/retrain_model_dag.py for tasks to queue
[2026-05-13T18:04:24.624+0000] {logging_mixin.py:190} INFO - [2026-05-13T18:04:24.623+0000] {dagbag.py:588} INFO - Filling up the DagBag from /opt/airflow/dags/retrain_model_dag.py
[2026-05-13T18:04:26.079+0000] {processor.py:925} INFO - DAG(s) 'retrain_model_dag' retrieved from /opt/airflow/dags/retrain_model_dag.py
[2026-05-13T18:04:26.110+0000] {logging_mixin.py:190} INFO - [2026-05-13T18:04:26.109+0000] {dag.py:3239} INFO - Sync 1 DAGs
[2026-05-13T18:04:26.230+0000] {logging_mixin.py:190} INFO - [2026-05-13T18:04:26.230+0000] {dag.py:4180} INFO - Setting next_dagrun for retrain_model_dag to 2026-05-13 00:00:00+00:00, run_after=2026-05-14 00:00:00+00:00
[2026-05-13T18:04:26.289+0000] {processor.py:208} INFO - Processing /opt/airflow/dags/retrain_model_dag.py took 1.686 seconds
[2026-05-13T18:04:56.415+0000] {processor.py:186} INFO - Started process (PID=399) to work on /opt/airflow/dags/retrain_model_dag.py
[2026-05-13T18:04:56.417+0000] {processor.py:914} INFO - Processing file /opt/airflow/dags/retrain_model_dag.py for tasks to queue
[2026-05-13T18:04:56.421+0000] {logging_mixin.py:190} INFO - [2026-05-13T18:04:56.420+0000] {dagbag.py:588} INFO - Filling up the DagBag from /opt/airflow/dags/retrain_model_dag.py
[2026-05-13T18:04:57.917+0000] {processor.py:925} INFO - DAG(s) 'retrain_model_dag' retrieved from /opt/airflow/dags/retrain_model_dag.py
[2026-05-13T18:04:58.053+0000] {logging_mixin.py:190} INFO - [2026-05-13T18:04:58.053+0000] {dag.py:3239} INFO - Sync 1 DAGs
[2026-05-13T18:04:58.079+0000] {logging_mixin.py:190} INFO - [2026-05-13T18:04:58.079+0000] {dag.py:4180} INFO - Setting next_dagrun for retrain_model_dag to 2026-05-13 00:00:00+00:00, run_after=2026-05-14 00:00:00+00:00
[2026-05-13T18:04:58.128+0000] {processor.py:208} INFO - Processing /opt/airflow/dags/retrain_model_dag.py took 1.721 seconds
[2026-05-13T18:05:28.481+0000] {processor.py:186} INFO - Started process (PID=409) to work on /opt/airflow/dags/retrain_model_dag.py
[2026-05-13T18:05:28.482+0000] {processor.py:914} INFO - Processing file /opt/airflow/dags/retrain_model_dag.py for tasks to queue
[2026-05-13T18:05:28.485+0000] {logging_mixin.py:190} INFO - [2026-05-13T18:05:28.485+0000] {dagbag.py:588} INFO - Filling up the DagBag from /opt/airflow/dags/retrain_model_dag.py
[2026-05-13T18:05:30.031+0000] {processor.py:925} INFO - DAG(s) 'retrain_model_dag' retrieved from /opt/airflow/dags/retrain_model_dag.py
[2026-05-13T18:05:30.064+0000] {logging_mixin.py:190} INFO - [2026-05-13T18:05:30.064+0000] {dag.py:3239} INFO - Sync 1 DAGs
[2026-05-13T18:05:30.096+0000] {logging_mixin.py:190} INFO - [2026-05-13T18:05:30.096+0000] {dag.py:4180} INFO - Setting next_dagrun for retrain_model_dag to 2026-05-13 00:00:00+00:00, run_after=2026-05-14 00:00:00+00:00
[2026-05-13T18:05:30.165+0000] {processor.py:208} INFO - Processing /opt/airflow/dags/retrain_model_dag.py took 1.694 seconds
[2026-05-13T18:06:00.357+0000] {processor.py:186} INFO - Started process (PID=419) to work on /opt/airflow/dags/retrain_model_dag.py
[2026-05-13T18:06:00.358+0000] {processor.py:914} INFO - Processing file /opt/airflow/dags/retrain_model_dag.py for tasks to queue
[2026-05-13T18:06:00.361+0000] {logging_mixin.py:190} INFO - [2026-05-13T18:06:00.361+0000] {dagbag.py:588} INFO - Filling up the DagBag from /opt/airflow/dags/retrain_model_dag.py
[2026-05-13T18:06:02.103+0000] {processor.py:925} INFO - DAG(s) 'retrain_model_dag' retrieved from /opt/airflow/dags/retrain_model_dag.py
[2026-05-13T18:06:02.132+0000] {logging_mixin.py:190} INFO - [2026-05-13T18:06:02.132+0000] {dag.py:3239} INFO - Sync 1 DAGs
[2026-05-13T18:06:02.161+0000] {logging_mixin.py:190} INFO - [2026-05-13T18:06:02.160+0000] {dag.py:4180} INFO - Setting next_dagrun for retrain_model_dag to 2026-05-13 00:00:00+00:00, run_after=2026-05-14 00:00:00+00:00
[2026-05-13T18:06:02.228+0000] {processor.py:208} INFO - Processing /opt/airflow/dags/retrain_model_dag.py took 1.879 seconds
[2026-05-13T18:06:32.521+0000] {processor.py:186} INFO - Started process (PID=429) to work on /opt/airflow/dags/retrain_model_dag.py
[2026-05-13T18:06:32.522+0000] {processor.py:914} INFO - Processing file /opt/airflow/dags/retrain_model_dag.py for tasks to queue
[2026-05-13T18:06:32.524+0000] {logging_mixin.py:190} INFO - [2026-05-13T18:06:32.524+0000] {dagbag.py:588} INFO - Filling up the DagBag from /opt/airflow/dags/retrain_model_dag.py
[2026-05-13T18:06:34.055+0000] {processor.py:925} INFO - DAG(s) 'retrain_model_dag' retrieved from /opt/airflow/dags/retrain_model_dag.py
[2026-05-13T18:06:34.082+0000] {logging_mixin.py:190} INFO - [2026-05-13T18:06:34.082+0000] {dag.py:3239} INFO - Sync 1 DAGs
[2026-05-13T18:06:34.108+0000] {logging_mixin.py:190} INFO - [2026-05-13T18:06:34.108+0000] {dag.py:4180} INFO - Setting next_dagrun for retrain_model_dag to 2026-05-13 00:00:00+00:00, run_after=2026-05-14 00:00:00+00:00
[2026-05-13T18:06:34.165+0000] {processor.py:208} INFO - Processing /opt/airflow/dags/retrain_model_dag.py took 1.651 seconds
[2026-05-13T18:07:04.299+0000] {processor.py:186} INFO - Started process (PID=479) to work on /opt/airflow/dags/retrain_model_dag.py
[2026-05-13T18:07:04.300+0000] {processor.py:914} INFO - Processing file /opt/airflow/dags/retrain_model_dag.py for tasks to queue
[2026-05-13T18:07:04.303+0000] {logging_mixin.py:190} INFO - [2026-05-13T18:07:04.303+0000] {dagbag.py:588} INFO - Filling up the DagBag from /opt/airflow/dags/retrain_model_dag.py
[2026-05-13T18:07:05.699+0000] {processor.py:925} INFO - DAG(s) 'retrain_model_dag' retrieved from /opt/airflow/dags/retrain_model_dag.py
[2026-05-13T18:07:05.727+0000] {logging_mixin.py:190} INFO - [2026-05-13T18:07:05.727+0000] {dag.py:3239} INFO - Sync 1 DAGs
[2026-05-13T18:07:05.753+0000] {logging_mixin.py:190} INFO - [2026-05-13T18:07:05.753+0000] {dag.py:4180} INFO - Setting next_dagrun for retrain_model_dag to 2026-05-13 00:00:00+00:00, run_after=2026-05-14 00:00:00+00:00
[2026-05-13T18:07:05.809+0000] {processor.py:208} INFO - Processing /opt/airflow/dags/retrain_model_dag.py took 1.517 seconds
[2026-05-13T18:07:36.146+0000] {processor.py:186} INFO - Started process (PID=489) to work on /opt/airflow/dags/retrain_model_dag.py
[2026-05-13T18:07:36.147+0000] {processor.py:914} INFO - Processing file /opt/airflow/dags/retrain_model_dag.py for tasks to queue
[2026-05-13T18:07:36.150+0000] {logging_mixin.py:190} INFO - [2026-05-13T18:07:36.150+0000] {dagbag.py:588} INFO - Filling up the DagBag from /opt/airflow/dags/retrain_model_dag.py
[2026-05-13T18:07:37.474+0000] {processor.py:925} INFO - DAG(s) 'retrain_model_dag' retrieved from /opt/airflow/dags/retrain_model_dag.py
[2026-05-13T18:07:37.501+0000] {logging_mixin.py:190} INFO - [2026-05-13T18:07:37.501+0000] {dag.py:3239} INFO - Sync 1 DAGs
[2026-05-13T18:07:37.612+0000] {logging_mixin.py:190} INFO - [2026-05-13T18:07:37.612+0000] {dag.py:4180} INFO - Setting next_dagrun for retrain_model_dag to 2026-05-13 00:00:00+00:00, run_after=2026-05-14 00:00:00+00:00
[2026-05-13T18:07:37.665+0000] {processor.py:208} INFO - Processing /opt/airflow/dags/retrain_model_dag.py took 1.528 seconds
[2026-05-13T18:08:07.997+0000] {processor.py:186} INFO - Started process (PID=499) to work on /opt/airflow/dags/retrain_model_dag.py
[2026-05-13T18:08:07.998+0000] {processor.py:914} INFO - Processing file /opt/airflow/dags/retrain_model_dag.py for tasks to queue
[2026-05-13T18:08:08.001+0000] {logging_mixin.py:190} INFO - [2026-05-13T18:08:08.001+0000] {dagbag.py:588} INFO - Filling up the DagBag from /opt/airflow/dags/retrain_model_dag.py
[2026-05-13T18:08:09.326+0000] {processor.py:925} INFO - DAG(s) 'retrain_model_dag' retrieved from /opt/airflow/dags/retrain_model_dag.py
[2026-05-13T18:08:09.440+0000] {logging_mixin.py:190} INFO - [2026-05-13T18:08:09.440+0000] {dag.py:3239} INFO - Sync 1 DAGs
[2026-05-13T18:08:09.465+0000] {logging_mixin.py:190} INFO - [2026-05-13T18:08:09.464+0000] {dag.py:4180} INFO - Setting next_dagrun for retrain_model_dag to 2026-05-13 00:00:00+00:00, run_after=2026-05-14 00:00:00+00:00
[2026-05-13T18:08:09.519+0000] {processor.py:208} INFO - Processing /opt/airflow/dags/retrain_model_dag.py took 1.530 seconds
[2026-05-13T18:08:39.825+0000] {processor.py:186} INFO - Started process (PID=509) to work on /opt/airflow/dags/retrain_model_dag.py
[2026-05-13T18:08:39.827+0000] {processor.py:914} INFO - Processing file /opt/airflow/dags/retrain_model_dag.py for tasks to queue
[2026-05-13T18:08:39.830+0000] {logging_mixin.py:190} INFO - [2026-05-13T18:08:39.829+0000] {dagbag.py:588} INFO - Filling up the DagBag from /opt/airflow/dags/retrain_model_dag.py
[2026-05-13T18:08:41.122+0000] {processor.py:925} INFO - DAG(s) 'retrain_model_dag' retrieved from /opt/airflow/dags/retrain_model_dag.py
[2026-05-13T18:08:41.237+0000] {logging_mixin.py:190} INFO - [2026-05-13T18:08:41.236+0000] {dag.py:3239} INFO - Sync 1 DAGs
[2026-05-13T18:08:41.262+0000] {logging_mixin.py:190} INFO - [2026-05-13T18:08:41.262+0000] {dag.py:4180} INFO - Setting next_dagrun for retrain_model_dag to 2026-05-13 00:00:00+00:00, run_after=2026-05-14 00:00:00+00:00
[2026-05-13T18:08:41.325+0000] {processor.py:208} INFO - Processing /opt/airflow/dags/retrain_model_dag.py took 1.506 seconds
[2026-05-13T18:09:11.517+0000] {processor.py:186} INFO - Started process (PID=519) to work on /opt/airflow/dags/retrain_model_dag.py
[2026-05-13T18:09:11.518+0000] {processor.py:914} INFO - Processing file /opt/airflow/dags/retrain_model_dag.py for tasks to queue
[2026-05-13T18:09:11.522+0000] {logging_mixin.py:190} INFO - [2026-05-13T18:09:11.521+0000] {dagbag.py:588} INFO - Filling up the DagBag from /opt/airflow/dags/retrain_model_dag.py
[2026-05-13T18:09:13.146+0000] {processor.py:925} INFO - DAG(s) 'retrain_model_dag' retrieved from /opt/airflow/dags/retrain_model_dag.py
[2026-05-13T18:09:13.177+0000] {logging_mixin.py:190} INFO - [2026-05-13T18:09:13.177+0000] {dag.py:3239} INFO - Sync 1 DAGs
[2026-05-13T18:09:13.207+0000] {logging_mixin.py:190} INFO - [2026-05-13T18:09:13.206+0000] {dag.py:4180} INFO - Setting next_dagrun for retrain_model_dag to 2026-05-13 00:00:00+00:00, run_after=2026-05-14 00:00:00+00:00
[2026-05-13T18:09:13.260+0000] {processor.py:208} INFO - Processing /opt/airflow/dags/retrain_model_dag.py took 1.751 seconds
[2026-05-13T18:09:43.446+0000] {processor.py:186} INFO - Started process (PID=529) to work on /opt/airflow/dags/retrain_model_dag.py
[2026-05-13T18:09:43.447+0000] {processor.py:914} INFO - Processing file /opt/airflow/dags/retrain_model_dag.py for tasks to queue
[2026-05-13T18:09:43.450+0000] {logging_mixin.py:190} INFO - [2026-05-13T18:09:43.450+0000] {dagbag.py:588} INFO - Filling up the DagBag from /opt/airflow/dags/retrain_model_dag.py
[2026-05-13T18:09:44.862+0000] {processor.py:925} INFO - DAG(s) 'retrain_model_dag' retrieved from /opt/airflow/dags/retrain_model_dag.py
[2026-05-13T18:09:44.890+0000] {logging_mixin.py:190} INFO - [2026-05-13T18:09:44.889+0000] {dag.py:3239} INFO - Sync 1 DAGs
[2026-05-13T18:09:44.915+0000] {logging_mixin.py:190} INFO - [2026-05-13T18:09:44.915+0000] {dag.py:4180} INFO - Setting next_dagrun for retrain_model_dag to 2026-05-13 00:00:00+00:00, run_after=2026-05-14 00:00:00+00:00
[2026-05-13T18:09:44.982+0000] {processor.py:208} INFO - Processing /opt/airflow/dags/retrain_model_dag.py took 1.544 seconds
[2026-05-13T18:10:15.288+0000] {processor.py:186} INFO - Started process (PID=539) to work on /opt/airflow/dags/retrain_model_dag.py
[2026-05-13T18:10:15.289+0000] {processor.py:914} INFO - Processing file /opt/airflow/dags/retrain_model_dag.py for tasks to queue
[2026-05-13T18:10:15.293+0000] {logging_mixin.py:190} INFO - [2026-05-13T18:10:15.293+0000] {dagbag.py:588} INFO - Filling up the DagBag from /opt/airflow/dags/retrain_model_dag.py
[2026-05-13T18:10:16.767+0000] {processor.py:925} INFO - DAG(s) 'retrain_model_dag' retrieved from /opt/airflow/dags/retrain_model_dag.py
[2026-05-13T18:10:16.797+0000] {logging_mixin.py:190} INFO - [2026-05-13T18:10:16.796+0000] {dag.py:3239} INFO - Sync 1 DAGs
[2026-05-13T18:10:16.825+0000] {logging_mixin.py:190} INFO - [2026-05-13T18:10:16.825+0000] {dag.py:4180} INFO - Setting next_dagrun for retrain_model_dag to 2026-05-13 00:00:00+00:00, run_after=2026-05-14 00:00:00+00:00
[2026-05-13T18:10:16.881+0000] {processor.py:208} INFO - Processing /opt/airflow/dags/retrain_model_dag.py took 1.600 seconds
[2026-05-13T18:10:47.151+0000] {processor.py:186} INFO - Started process (PID=549) to work on /opt/airflow/dags/retrain_model_dag.py
[2026-05-13T18:10:47.153+0000] {processor.py:914} INFO - Processing file /opt/airflow/dags/retrain_model_dag.py for tasks to queue
[2026-05-13T18:10:47.156+0000] {logging_mixin.py:190} INFO - [2026-05-13T18:10:47.155+0000] {dagbag.py:588} INFO - Filling up the DagBag from /opt/airflow/dags/retrain_model_dag.py
[2026-05-13T18:10:48.735+0000] {processor.py:925} INFO - DAG(s) 'retrain_model_dag' retrieved from /opt/airflow/dags/retrain_model_dag.py
[2026-05-13T18:10:48.763+0000] {logging_mixin.py:190} INFO - [2026-05-13T18:10:48.762+0000] {dag.py:3239} INFO - Sync 1 DAGs
[2026-05-13T18:10:48.790+0000] {logging_mixin.py:190} INFO - [2026-05-13T18:10:48.789+0000] {dag.py:4180} INFO - Setting next_dagrun for retrain_model_dag to 2026-05-13 00:00:00+00:00, run_after=2026-05-14 00:00:00+00:00
[2026-05-13T18:10:48.851+0000] {processor.py:208} INFO - Processing /opt/airflow/dags/retrain_model_dag.py took 1.709 seconds
[2026-05-13T18:11:19.144+0000] {processor.py:186} INFO - Started process (PID=559) to work on /opt/airflow/dags/retrain_model_dag.py
[2026-05-13T18:11:19.145+0000] {processor.py:914} INFO - Processing file /opt/airflow/dags/retrain_model_dag.py for tasks to queue
[2026-05-13T18:11:19.150+0000] {logging_mixin.py:190} INFO - [2026-05-13T18:11:19.149+0000] {dagbag.py:588} INFO - Filling up the DagBag from /opt/airflow/dags/retrain_model_dag.py
[2026-05-13T18:11:20.731+0000] {processor.py:925} INFO - DAG(s) 'retrain_model_dag' retrieved from /opt/airflow/dags/retrain_model_dag.py
[2026-05-13T18:11:20.762+0000] {logging_mixin.py:190} INFO - [2026-05-13T18:11:20.762+0000] {dag.py:3239} INFO - Sync 1 DAGs
[2026-05-13T18:11:20.793+0000] {logging_mixin.py:190} INFO - [2026-05-13T18:11:20.793+0000] {dag.py:4180} INFO - Setting next_dagrun for retrain_model_dag to 2026-05-13 00:00:00+00:00, run_after=2026-05-14 00:00:00+00:00
[2026-05-13T18:11:20.855+0000] {processor.py:208} INFO - Processing /opt/airflow/dags/retrain_model_dag.py took 1.718 seconds
[2026-05-13T18:11:51.094+0000] {processor.py:186} INFO - Started process (PID=569) to work on /opt/airflow/dags/retrain_model_dag.py
[2026-05-13T18:11:51.096+0000] {processor.py:914} INFO - Processing file /opt/airflow/dags/retrain_model_dag.py for tasks to queue
[2026-05-13T18:11:51.099+0000] {logging_mixin.py:190} INFO - [2026-05-13T18:11:51.098+0000] {dagbag.py:588} INFO - Filling up the DagBag from /opt/airflow/dags/retrain_model_dag.py
[2026-05-13T18:11:52.572+0000] {processor.py:925} INFO - DAG(s) 'retrain_model_dag' retrieved from /opt/airflow/dags/retrain_model_dag.py
[2026-05-13T18:11:52.694+0000] {logging_mixin.py:190} INFO - [2026-05-13T18:11:52.694+0000] {dag.py:3239} INFO - Sync 1 DAGs
[2026-05-13T18:11:52.720+0000] {logging_mixin.py:190} INFO - [2026-05-13T18:11:52.720+0000] {dag.py:4180} INFO - Setting next_dagrun for retrain_model_dag to 2026-05-13 00:00:00+00:00, run_after=2026-05-14 00:00:00+00:00
[2026-05-13T18:11:52.775+0000] {processor.py:208} INFO - Processing /opt/airflow/dags/retrain_model_dag.py took 1.688 seconds
[2026-05-13T18:12:23.078+0000] {processor.py:186} INFO - Started process (PID=579) to work on /opt/airflow/dags/retrain_model_dag.py
[2026-05-13T18:12:23.079+0000] {processor.py:914} INFO - Processing file /opt/airflow/dags/retrain_model_dag.py for tasks to queue
[2026-05-13T18:12:23.082+0000] {logging_mixin.py:190} INFO - [2026-05-13T18:12:23.082+0000] {dagbag.py:588} INFO - Filling up the DagBag from /opt/airflow/dags/retrain_model_dag.py
[2026-05-13T18:12:25.117+0000] {processor.py:925} INFO - DAG(s) 'retrain_model_dag' retrieved from /opt/airflow/dags/retrain_model_dag.py
[2026-05-13T18:12:25.145+0000] {logging_mixin.py:190} INFO - [2026-05-13T18:12:25.145+0000] {dag.py:3239} INFO - Sync 1 DAGs
[2026-05-13T18:12:25.172+0000] {logging_mixin.py:190} INFO - [2026-05-13T18:12:25.171+0000] {dag.py:4180} INFO - Setting next_dagrun for retrain_model_dag to 2026-05-13 00:00:00+00:00, run_after=2026-05-14 00:00:00+00:00
[2026-05-13T18:12:25.231+0000] {processor.py:208} INFO - Processing /opt/airflow/dags/retrain_model_dag.py took 2.164 seconds
[2026-05-13T18:12:55.452+0000] {processor.py:186} INFO - Started process (PID=589) to work on /opt/airflow/dags/retrain_model_dag.py
[2026-05-13T18:12:55.453+0000] {processor.py:914} INFO - Processing file /opt/airflow/dags/retrain_model_dag.py for tasks to queue
[2026-05-13T18:12:55.455+0000] {logging_mixin.py:190} INFO - [2026-05-13T18:12:55.455+0000] {dagbag.py:588} INFO - Filling up the DagBag from /opt/airflow/dags/retrain_model_dag.py
[2026-05-13T18:12:56.842+0000] {processor.py:925} INFO - DAG(s) 'retrain_model_dag' retrieved from /opt/airflow/dags/retrain_model_dag.py
[2026-05-13T18:12:56.871+0000] {logging_mixin.py:190} INFO - [2026-05-13T18:12:56.870+0000] {dag.py:3239} INFO - Sync 1 DAGs
[2026-05-13T18:12:56.898+0000] {logging_mixin.py:190} INFO - [2026-05-13T18:12:56.897+0000] {dag.py:4180} INFO - Setting next_dagrun for retrain_model_dag to 2026-05-13 00:00:00+00:00, run_after=2026-05-14 00:00:00+00:00
[2026-05-13T18:12:56.959+0000] {processor.py:208} INFO - Processing /opt/airflow/dags/retrain_model_dag.py took 1.513 seconds
[2026-05-13T18:13:27.300+0000] {processor.py:186} INFO - Started process (PID=599) to work on /opt/airflow/dags/retrain_model_dag.py
[2026-05-13T18:13:27.302+0000] {processor.py:914} INFO - Processing file /opt/airflow/dags/retrain_model_dag.py for tasks to queue
[2026-05-13T18:13:27.308+0000] {logging_mixin.py:190} INFO - [2026-05-13T18:13:27.307+0000] {dagbag.py:588} INFO - Filling up the DagBag from /opt/airflow/dags/retrain_model_dag.py
[2026-05-13T18:13:29.006+0000] {processor.py:925} INFO - DAG(s) 'retrain_model_dag' retrieved from /opt/airflow/dags/retrain_model_dag.py
[2026-05-13T18:13:29.033+0000] {logging_mixin.py:190} INFO - [2026-05-13T18:13:29.033+0000] {dag.py:3239} INFO - Sync 1 DAGs
[2026-05-13T18:13:29.061+0000] {logging_mixin.py:190} INFO - [2026-05-13T18:13:29.061+0000] {dag.py:4180} INFO - Setting next_dagrun for retrain_model_dag to 2026-05-13 00:00:00+00:00, run_after=2026-05-14 00:00:00+00:00
[2026-05-13T18:13:29.125+0000] {processor.py:208} INFO - Processing /opt/airflow/dags/retrain_model_dag.py took 1.835 seconds
[2026-05-13T18:13:59.435+0000] {processor.py:186} INFO - Started process (PID=609) to work on /opt/airflow/dags/retrain_model_dag.py
[2026-05-13T18:13:59.437+0000] {processor.py:914} INFO - Processing file /opt/airflow/dags/retrain_model_dag.py for tasks to queue
[2026-05-13T18:13:59.440+0000] {logging_mixin.py:190} INFO - [2026-05-13T18:13:59.440+0000] {dagbag.py:588} INFO - Filling up the DagBag from /opt/airflow/dags/retrain_model_dag.py
[2026-05-13T18:14:00.942+0000] {processor.py:925} INFO - DAG(s) 'retrain_model_dag' retrieved from /opt/airflow/dags/retrain_model_dag.py
[2026-05-13T18:14:00.969+0000] {logging_mixin.py:190} INFO - [2026-05-13T18:14:00.969+0000] {dag.py:3239} INFO - Sync 1 DAGs
[2026-05-13T18:14:00.998+0000] {logging_mixin.py:190} INFO - [2026-05-13T18:14:00.997+0000] {dag.py:4180} INFO - Setting next_dagrun for retrain_model_dag to 2026-05-13 00:00:00+00:00, run_after=2026-05-14 00:00:00+00:00
[2026-05-13T18:14:01.059+0000] {processor.py:208} INFO - Processing /opt/airflow/dags/retrain_model_dag.py took 1.631 seconds
[2026-05-13T18:14:31.434+0000] {processor.py:186} INFO - Started process (PID=619) to work on /opt/airflow/dags/retrain_model_dag.py
[2026-05-13T18:14:31.435+0000] {processor.py:914} INFO - Processing file /opt/airflow/dags/retrain_model_dag.py for tasks to queue
[2026-05-13T18:14:31.437+0000] {logging_mixin.py:190} INFO - [2026-05-13T18:14:31.437+0000] {dagbag.py:588} INFO - Filling up the DagBag from /opt/airflow/dags/retrain_model_dag.py
[2026-05-13T18:14:33.046+0000] {processor.py:925} INFO - DAG(s) 'retrain_model_dag' retrieved from /opt/airflow/dags/retrain_model_dag.py
[2026-05-13T18:14:33.073+0000] {logging_mixin.py:190} INFO - [2026-05-13T18:14:33.072+0000] {dag.py:3239} INFO - Sync 1 DAGs
[2026-05-13T18:14:33.099+0000] {logging_mixin.py:190} INFO - [2026-05-13T18:14:33.099+0000] {dag.py:4180} INFO - Setting next_dagrun for retrain_model_dag to 2026-05-13 00:00:00+00:00, run_after=2026-05-14 00:00:00+00:00
[2026-05-13T18:14:33.155+0000] {processor.py:208} INFO - Processing /opt/airflow/dags/retrain_model_dag.py took 1.728 seconds
[2026-05-13T18:15:03.584+0000] {processor.py:186} INFO - Started process (PID=629) to work on /opt/airflow/dags/retrain_model_dag.py
[2026-05-13T18:15:03.587+0000] {processor.py:914} INFO - Processing file /opt/airflow/dags/retrain_model_dag.py for tasks to queue
[2026-05-13T18:15:03.590+0000] {logging_mixin.py:190} INFO - [2026-05-13T18:15:03.590+0000] {dagbag.py:588} INFO - Filling up the DagBag from /opt/airflow/dags/retrain_model_dag.py
[2026-05-13T18:15:06.336+0000] {processor.py:925} INFO - DAG(s) 'retrain_model_dag' retrieved from /opt/airflow/dags/retrain_model_dag.py
[2026-05-13T18:15:06.377+0000] {logging_mixin.py:190} INFO - [2026-05-13T18:15:06.377+0000] {dag.py:3239} INFO - Sync 1 DAGs
[2026-05-13T18:15:06.429+0000] {logging_mixin.py:190} INFO - [2026-05-13T18:15:06.429+0000] {dag.py:4180} INFO - Setting next_dagrun for retrain_model_dag to 2026-05-13 00:00:00+00:00, run_after=2026-05-14 00:00:00+00:00
[2026-05-13T18:15:06.524+0000] {processor.py:208} INFO - Processing /opt/airflow/dags/retrain_model_dag.py took 2.956 seconds
[2026-05-13T18:15:36.822+0000] {processor.py:186} INFO - Started process (PID=639) to work on /opt/airflow/dags/retrain_model_dag.py
[2026-05-13T18:15:36.824+0000] {processor.py:914} INFO - Processing file /opt/airflow/dags/retrain_model_dag.py for tasks to queue
[2026-05-13T18:15:36.826+0000] {logging_mixin.py:190} INFO - [2026-05-13T18:15:36.826+0000] {dagbag.py:588} INFO - Filling up the DagBag from /opt/airflow/dags/retrain_model_dag.py
[2026-05-13T18:15:38.708+0000] {processor.py:925} INFO - DAG(s) 'retrain_model_dag' retrieved from /opt/airflow/dags/retrain_model_dag.py
[2026-05-13T18:15:38.740+0000] {logging_mixin.py:190} INFO - [2026-05-13T18:15:38.739+0000] {dag.py:3239} INFO - Sync 1 DAGs
[2026-05-13T18:15:38.769+0000] {logging_mixin.py:190} INFO - [2026-05-13T18:15:38.768+0000] {dag.py:4180} INFO - Setting next_dagrun for retrain_model_dag to 2026-05-13 00:00:00+00:00, run_after=2026-05-14 00:00:00+00:00
[2026-05-13T18:15:38.832+0000] {processor.py:208} INFO - Processing /opt/airflow/dags/retrain_model_dag.py took 2.020 seconds
[2026-05-13T18:16:09.097+0000] {processor.py:186} INFO - Started process (PID=649) to work on /opt/airflow/dags/retrain_model_dag.py
[2026-05-13T18:16:09.098+0000] {processor.py:914} INFO - Processing file /opt/airflow/dags/retrain_model_dag.py for tasks to queue
[2026-05-13T18:16:09.100+0000] {logging_mixin.py:190} INFO - [2026-05-13T18:16:09.100+0000] {dagbag.py:588} INFO - Filling up the DagBag from /opt/airflow/dags/retrain_model_dag.py
[2026-05-13T18:16:10.697+0000] {processor.py:925} INFO - DAG(s) 'retrain_model_dag' retrieved from /opt/airflow/dags/retrain_model_dag.py
[2026-05-13T18:16:10.723+0000] {logging_mixin.py:190} INFO - [2026-05-13T18:16:10.722+0000] {dag.py:3239} INFO - Sync 1 DAGs
[2026-05-13T18:16:10.757+0000] {logging_mixin.py:190} INFO - [2026-05-13T18:16:10.757+0000] {dag.py:4180} INFO - Setting next_dagrun for retrain_model_dag to 2026-05-13 00:00:00+00:00, run_after=2026-05-14 00:00:00+00:00
[2026-05-13T18:16:10.829+0000] {processor.py:208} INFO - Processing /opt/airflow/dags/retrain_model_dag.py took 1.738 seconds
[2026-05-13T18:16:41.188+0000] {processor.py:186} INFO - Started process (PID=659) to work on /opt/airflow/dags/retrain_model_dag.py
[2026-05-13T18:16:41.189+0000] {processor.py:914} INFO - Processing file /opt/airflow/dags/retrain_model_dag.py for tasks to queue
[2026-05-13T18:16:41.192+0000] {logging_mixin.py:190} INFO - [2026-05-13T18:16:41.191+0000] {dagbag.py:588} INFO - Filling up the DagBag from /opt/airflow/dags/retrain_model_dag.py
[2026-05-13T18:16:43.462+0000] {processor.py:925} INFO - DAG(s) 'retrain_model_dag' retrieved from /opt/airflow/dags/retrain_model_dag.py
[2026-05-13T18:16:43.495+0000] {logging_mixin.py:190} INFO - [2026-05-13T18:16:43.494+0000] {dag.py:3239} INFO - Sync 1 DAGs
[2026-05-13T18:16:43.529+0000] {logging_mixin.py:190} INFO - [2026-05-13T18:16:43.528+0000] {dag.py:4180} INFO - Setting next_dagrun for retrain_model_dag to 2026-05-13 00:00:00+00:00, run_after=2026-05-14 00:00:00+00:00
[2026-05-13T18:16:43.588+0000] {processor.py:208} INFO - Processing /opt/airflow/dags/retrain_model_dag.py took 2.409 seconds
[2026-05-13T18:17:13.905+0000] {processor.py:186} INFO - Started process (PID=669) to work on /opt/airflow/dags/retrain_model_dag.py
[2026-05-13T18:17:13.907+0000] {processor.py:914} INFO - Processing file /opt/airflow/dags/retrain_model_dag.py for tasks to queue
[2026-05-13T18:17:13.911+0000] {logging_mixin.py:190} INFO - [2026-05-13T18:17:13.911+0000] {dagbag.py:588} INFO - Filling up the DagBag from /opt/airflow/dags/retrain_model_dag.py
[2026-05-13T18:17:15.676+0000] {processor.py:925} INFO - DAG(s) 'retrain_model_dag' retrieved from /opt/airflow/dags/retrain_model_dag.py
[2026-05-13T18:17:15.711+0000] {logging_mixin.py:190} INFO - [2026-05-13T18:17:15.711+0000] {dag.py:3239} INFO - Sync 1 DAGs
[2026-05-13T18:17:15.742+0000] {logging_mixin.py:190} INFO - [2026-05-13T18:17:15.742+0000] {dag.py:4180} INFO - Setting next_dagrun for retrain_model_dag to 2026-05-13 00:00:00+00:00, run_after=2026-05-14 00:00:00+00:00
[2026-05-13T18:17:15.801+0000] {processor.py:208} INFO - Processing /opt/airflow/dags/retrain_model_dag.py took 1.904 seconds
[2026-05-13T18:17:46.168+0000] {processor.py:186} INFO - Started process (PID=679) to work on /opt/airflow/dags/retrain_model_dag.py
[2026-05-13T18:17:46.169+0000] {processor.py:914} INFO - Processing file /opt/airflow/dags/retrain_model_dag.py for tasks to queue
[2026-05-13T18:17:46.174+0000] {logging_mixin.py:190} INFO - [2026-05-13T18:17:46.173+0000] {dagbag.py:588} INFO - Filling up the DagBag from /opt/airflow/dags/retrain_model_dag.py
[2026-05-13T18:17:48.446+0000] {processor.py:925} INFO - DAG(s) 'retrain_model_dag' retrieved from /opt/airflow/dags/retrain_model_dag.py
[2026-05-13T18:17:48.482+0000] {logging_mixin.py:190} INFO - [2026-05-13T18:17:48.482+0000] {dag.py:3239} INFO - Sync 1 DAGs
[2026-05-13T18:17:48.521+0000] {logging_mixin.py:190} INFO - [2026-05-13T18:17:48.520+0000] {dag.py:4180} INFO - Setting next_dagrun for retrain_model_dag to 2026-05-13 00:00:00+00:00, run_after=2026-05-14 00:00:00+00:00
[2026-05-13T18:17:48.602+0000] {processor.py:208} INFO - Processing /opt/airflow/dags/retrain_model_dag.py took 2.441 seconds
[2026-05-13T18:18:19.140+0000] {processor.py:186} INFO - Started process (PID=689) to work on /opt/airflow/dags/retrain_model_dag.py
[2026-05-13T18:18:19.142+0000] {processor.py:914} INFO - Processing file /opt/airflow/dags/retrain_model_dag.py for tasks to queue
[2026-05-13T18:18:19.151+0000] {logging_mixin.py:190} INFO - [2026-05-13T18:18:19.150+0000] {dagbag.py:588} INFO - Filling up the DagBag from /opt/airflow/dags/retrain_model_dag.py
[2026-05-13T18:18:22.665+0000] {processor.py:925} INFO - DAG(s) 'retrain_model_dag' retrieved from /opt/airflow/dags/retrain_model_dag.py
[2026-05-13T18:18:22.724+0000] {logging_mixin.py:190} INFO - [2026-05-13T18:18:22.723+0000] {dag.py:3239} INFO - Sync 1 DAGs
[2026-05-13T18:18:22.770+0000] {logging_mixin.py:190} INFO - [2026-05-13T18:18:22.769+0000] {dag.py:4180} INFO - Setting next_dagrun for retrain_model_dag to 2026-05-13 00:00:00+00:00, run_after=2026-05-14 00:00:00+00:00
[2026-05-13T18:18:22.858+0000] {processor.py:208} INFO - Processing /opt/airflow/dags/retrain_model_dag.py took 3.737 seconds
[2026-05-13T18:18:53.392+0000] {processor.py:186} INFO - Started process (PID=699) to work on /opt/airflow/dags/retrain_model_dag.py
[2026-05-13T18:18:53.398+0000] {processor.py:914} INFO - Processing file /opt/airflow/dags/retrain_model_dag.py for tasks to queue
[2026-05-13T18:18:53.403+0000] {logging_mixin.py:190} INFO - [2026-05-13T18:18:53.402+0000] {dagbag.py:588} INFO - Filling up the DagBag from /opt/airflow/dags/retrain_model_dag.py
[2026-05-13T18:18:56.187+0000] {processor.py:925} INFO - DAG(s) 'retrain_model_dag' retrieved from /opt/airflow/dags/retrain_model_dag.py
[2026-05-13T18:18:56.232+0000] {logging_mixin.py:190} INFO - [2026-05-13T18:18:56.232+0000] {dag.py:3239} INFO - Sync 1 DAGs
[2026-05-13T18:18:56.272+0000] {logging_mixin.py:190} INFO - [2026-05-13T18:18:56.272+0000] {dag.py:4180} INFO - Setting next_dagrun for retrain_model_dag to 2026-05-13 00:00:00+00:00, run_after=2026-05-14 00:00:00+00:00
[2026-05-13T18:18:56.361+0000] {processor.py:208} INFO - Processing /opt/airflow/dags/retrain_model_dag.py took 2.977 seconds
[2026-05-13T18:19:26.597+0000] {processor.py:186} INFO - Started process (PID=709) to work on /opt/airflow/dags/retrain_model_dag.py
[2026-05-13T18:19:26.599+0000] {processor.py:914} INFO - Processing file /opt/airflow/dags/retrain_model_dag.py for tasks to queue
[2026-05-13T18:19:26.604+0000] {logging_mixin.py:190} INFO - [2026-05-13T18:19:26.603+0000] {dagbag.py:588} INFO - Filling up the DagBag from /opt/airflow/dags/retrain_model_dag.py
[2026-05-13T18:19:28.808+0000] {processor.py:925} INFO - DAG(s) 'retrain_model_dag' retrieved from /opt/airflow/dags/retrain_model_dag.py
[2026-05-13T18:19:28.840+0000] {logging_mixin.py:190} INFO - [2026-05-13T18:19:28.839+0000] {dag.py:3239} INFO - Sync 1 DAGs
[2026-05-13T18:19:28.871+0000] {logging_mixin.py:190} INFO - [2026-05-13T18:19:28.871+0000] {dag.py:4180} INFO - Setting next_dagrun for retrain_model_dag to 2026-05-13 00:00:00+00:00, run_after=2026-05-14 00:00:00+00:00
[2026-05-13T18:19:28.939+0000] {processor.py:208} INFO - Processing /opt/airflow/dags/retrain_model_dag.py took 2.350 seconds
[2026-05-13T18:19:59.377+0000] {processor.py:186} INFO - Started process (PID=719) to work on /opt/airflow/dags/retrain_model_dag.py
[2026-05-13T18:19:59.379+0000] {processor.py:914} INFO - Processing file /opt/airflow/dags/retrain_model_dag.py for tasks to queue
[2026-05-13T18:19:59.384+0000] {logging_mixin.py:190} INFO - [2026-05-13T18:19:59.383+0000] {dagbag.py:588} INFO - Filling up the DagBag from /opt/airflow/dags/retrain_model_dag.py
[2026-05-13T18:20:01.386+0000] {processor.py:925} INFO - DAG(s) 'retrain_model_dag' retrieved from /opt/airflow/dags/retrain_model_dag.py
[2026-05-13T18:20:01.415+0000] {logging_mixin.py:190} INFO - [2026-05-13T18:20:01.415+0000] {dag.py:3239} INFO - Sync 1 DAGs
[2026-05-13T18:20:01.442+0000] {logging_mixin.py:190} INFO - [2026-05-13T18:20:01.442+0000] {dag.py:4180} INFO - Setting next_dagrun for retrain_model_dag to 2026-05-13 00:00:00+00:00, run_after=2026-05-14 00:00:00+00:00
[2026-05-13T18:20:01.496+0000] {processor.py:208} INFO - Processing /opt/airflow/dags/retrain_model_dag.py took 2.131 seconds
[2026-05-13T18:20:31.835+0000] {processor.py:186} INFO - Started process (PID=729) to work on /opt/airflow/dags/retrain_model_dag.py
[2026-05-13T18:20:31.837+0000] {processor.py:914} INFO - Processing file /opt/airflow/dags/retrain_model_dag.py for tasks to queue
[2026-05-13T18:20:31.840+0000] {logging_mixin.py:190} INFO - [2026-05-13T18:20:31.839+0000] {dagbag.py:588} INFO - Filling up the DagBag from /opt/airflow/dags/retrain_model_dag.py
[2026-05-13T18:20:33.332+0000] {processor.py:925} INFO - DAG(s) 'retrain_model_dag' retrieved from /opt/airflow/dags/retrain_model_dag.py
[2026-05-13T18:20:33.362+0000] {logging_mixin.py:190} INFO - [2026-05-13T18:20:33.361+0000] {dag.py:3239} INFO - Sync 1 DAGs
[2026-05-13T18:20:33.390+0000] {logging_mixin.py:190} INFO - [2026-05-13T18:20:33.390+0000] {dag.py:4180} INFO - Setting next_dagrun for retrain_model_dag to 2026-05-13 00:00:00+00:00, run_after=2026-05-14 00:00:00+00:00
[2026-05-13T18:20:33.445+0000] {processor.py:208} INFO - Processing /opt/airflow/dags/retrain_model_dag.py took 1.617 seconds
[2026-05-13T18:21:03.657+0000] {processor.py:186} INFO - Started process (PID=739) to work on /opt/airflow/dags/retrain_model_dag.py
[2026-05-13T18:21:03.658+0000] {processor.py:914} INFO - Processing file /opt/airflow/dags/retrain_model_dag.py for tasks to queue
[2026-05-13T18:21:03.661+0000] {logging_mixin.py:190} INFO - [2026-05-13T18:21:03.660+0000] {dagbag.py:588} INFO - Filling up the DagBag from /opt/airflow/dags/retrain_model_dag.py
[2026-05-13T18:21:05.318+0000] {processor.py:925} INFO - DAG(s) 'retrain_model_dag' retrieved from /opt/airflow/dags/retrain_model_dag.py
[2026-05-13T18:21:05.346+0000] {logging_mixin.py:190} INFO - [2026-05-13T18:21:05.346+0000] {dag.py:3239} INFO - Sync 1 DAGs
[2026-05-13T18:21:05.382+0000] {logging_mixin.py:190} INFO - [2026-05-13T18:21:05.382+0000] {dag.py:4180} INFO - Setting next_dagrun for retrain_model_dag to 2026-05-13 00:00:00+00:00, run_after=2026-05-14 00:00:00+00:00
[2026-05-13T18:21:05.456+0000] {processor.py:208} INFO - Processing /opt/airflow/dags/retrain_model_dag.py took 1.805 seconds
[2026-05-13T18:21:35.660+0000] {processor.py:186} INFO - Started process (PID=749) to work on /opt/airflow/dags/retrain_model_dag.py
[2026-05-13T18:21:35.662+0000] {processor.py:914} INFO - Processing file /opt/airflow/dags/retrain_model_dag.py for tasks to queue
[2026-05-13T18:21:35.664+0000] {logging_mixin.py:190} INFO - [2026-05-13T18:21:35.664+0000] {dagbag.py:588} INFO - Filling up the DagBag from /opt/airflow/dags/retrain_model_dag.py
[2026-05-13T18:21:37.159+0000] {processor.py:925} INFO - DAG(s) 'retrain_model_dag' retrieved from /opt/airflow/dags/retrain_model_dag.py
[2026-05-13T18:21:37.191+0000] {logging_mixin.py:190} INFO - [2026-05-13T18:21:37.190+0000] {dag.py:3239} INFO - Sync 1 DAGs
[2026-05-13T18:21:37.218+0000] {logging_mixin.py:190} INFO - [2026-05-13T18:21:37.217+0000] {dag.py:4180} INFO - Setting next_dagrun for retrain_model_dag to 2026-05-13 00:00:00+00:00, run_after=2026-05-14 00:00:00+00:00
[2026-05-13T18:21:37.281+0000] {processor.py:208} INFO - Processing /opt/airflow/dags/retrain_model_dag.py took 1.627 seconds
[2026-05-13T18:22:07.607+0000] {processor.py:186} INFO - Started process (PID=759) to work on /opt/airflow/dags/retrain_model_dag.py
[2026-05-13T18:22:07.608+0000] {processor.py:914} INFO - Processing file /opt/airflow/dags/retrain_model_dag.py for tasks to queue
[2026-05-13T18:22:07.611+0000] {logging_mixin.py:190} INFO - [2026-05-13T18:22:07.611+0000] {dagbag.py:588} INFO - Filling up the DagBag from /opt/airflow/dags/retrain_model_dag.py
[2026-05-13T18:22:09.303+0000] {processor.py:925} INFO - DAG(s) 'retrain_model_dag' retrieved from /opt/airflow/dags/retrain_model_dag.py
[2026-05-13T18:22:09.341+0000] {logging_mixin.py:190} INFO - [2026-05-13T18:22:09.340+0000] {dag.py:3239} INFO - Sync 1 DAGs
[2026-05-13T18:22:09.378+0000] {logging_mixin.py:190} INFO - [2026-05-13T18:22:09.377+0000] {dag.py:4180} INFO - Setting next_dagrun for retrain_model_dag to 2026-05-13 00:00:00+00:00, run_after=2026-05-14 00:00:00+00:00
[2026-05-13T18:22:09.450+0000] {processor.py:208} INFO - Processing /opt/airflow/dags/retrain_model_dag.py took 1.851 seconds
[2026-05-13T18:22:39.663+0000] {processor.py:186} INFO - Started process (PID=769) to work on /opt/airflow/dags/retrain_model_dag.py
[2026-05-13T18:22:39.664+0000] {processor.py:914} INFO - Processing file /opt/airflow/dags/retrain_model_dag.py for tasks to queue
[2026-05-13T18:22:39.670+0000] {logging_mixin.py:190} INFO - [2026-05-13T18:22:39.669+0000] {dagbag.py:588} INFO - Filling up the DagBag from /opt/airflow/dags/retrain_model_dag.py
[2026-05-13T18:22:41.436+0000] {processor.py:925} INFO - DAG(s) 'retrain_model_dag' retrieved from /opt/airflow/dags/retrain_model_dag.py
[2026-05-13T18:22:41.477+0000] {logging_mixin.py:190} INFO - [2026-05-13T18:22:41.476+0000] {dag.py:3239} INFO - Sync 1 DAGs
[2026-05-13T18:22:41.525+0000] {logging_mixin.py:190} INFO - [2026-05-13T18:22:41.524+0000] {dag.py:4180} INFO - Setting next_dagrun for retrain_model_dag to 2026-05-13 00:00:00+00:00, run_after=2026-05-14 00:00:00+00:00
[2026-05-13T18:22:41.604+0000] {processor.py:208} INFO - Processing /opt/airflow/dags/retrain_model_dag.py took 1.950 seconds
[2026-05-13T18:23:11.830+0000] {processor.py:186} INFO - Started process (PID=779) to work on /opt/airflow/dags/retrain_model_dag.py
[2026-05-13T18:23:11.832+0000] {processor.py:914} INFO - Processing file /opt/airflow/dags/retrain_model_dag.py for tasks to queue
[2026-05-13T18:23:11.834+0000] {logging_mixin.py:190} INFO - [2026-05-13T18:23:11.834+0000] {dagbag.py:588} INFO - Filling up the DagBag from /opt/airflow/dags/retrain_model_dag.py
[2026-05-13T18:23:13.402+0000] {processor.py:925} INFO - DAG(s) 'retrain_model_dag' retrieved from /opt/airflow/dags/retrain_model_dag.py
[2026-05-13T18:23:13.432+0000] {logging_mixin.py:190} INFO - [2026-05-13T18:23:13.432+0000] {dag.py:3239} INFO - Sync 1 DAGs
[2026-05-13T18:23:13.461+0000] {logging_mixin.py:190} INFO - [2026-05-13T18:23:13.460+0000] {dag.py:4180} INFO - Setting next_dagrun for retrain_model_dag to 2026-05-13 00:00:00+00:00, run_after=2026-05-14 00:00:00+00:00
[2026-05-13T18:23:13.520+0000] {processor.py:208} INFO - Processing /opt/airflow/dags/retrain_model_dag.py took 1.695 seconds
[2026-05-13T18:23:43.747+0000] {processor.py:186} INFO - Started process (PID=789) to work on /opt/airflow/dags/retrain_model_dag.py
[2026-05-13T18:23:43.748+0000] {processor.py:914} INFO - Processing file /opt/airflow/dags/retrain_model_dag.py for tasks to queue
[2026-05-13T18:23:43.751+0000] {logging_mixin.py:190} INFO - [2026-05-13T18:23:43.750+0000] {dagbag.py:588} INFO - Filling up the DagBag from /opt/airflow/dags/retrain_model_dag.py
[2026-05-13T18:23:45.195+0000] {processor.py:925} INFO - DAG(s) 'retrain_model_dag' retrieved from /opt/airflow/dags/retrain_model_dag.py
[2026-05-13T18:23:45.227+0000] {logging_mixin.py:190} INFO - [2026-05-13T18:23:45.227+0000] {dag.py:3239} INFO - Sync 1 DAGs
[2026-05-13T18:23:45.259+0000] {logging_mixin.py:190} INFO - [2026-05-13T18:23:45.259+0000] {dag.py:4180} INFO - Setting next_dagrun for retrain_model_dag to 2026-05-13 00:00:00+00:00, run_after=2026-05-14 00:00:00+00:00
[2026-05-13T18:23:45.322+0000] {processor.py:208} INFO - Processing /opt/airflow/dags/retrain_model_dag.py took 1.584 seconds
[2026-05-13T18:24:15.409+0000] {processor.py:186} INFO - Started process (PID=799) to work on /opt/airflow/dags/retrain_model_dag.py
[2026-05-13T18:24:15.410+0000] {processor.py:914} INFO - Processing file /opt/airflow/dags/retrain_model_dag.py for tasks to queue
[2026-05-13T18:24:15.412+0000] {logging_mixin.py:190} INFO - [2026-05-13T18:24:15.412+0000] {dagbag.py:588} INFO - Filling up the DagBag from /opt/airflow/dags/retrain_model_dag.py
[2026-05-13T18:24:16.854+0000] {processor.py:925} INFO - DAG(s) 'retrain_model_dag' retrieved from /opt/airflow/dags/retrain_model_dag.py
[2026-05-13T18:24:16.883+0000] {logging_mixin.py:190} INFO - [2026-05-13T18:24:16.883+0000] {dag.py:3239} INFO - Sync 1 DAGs
[2026-05-13T18:24:16.909+0000] {logging_mixin.py:190} INFO - [2026-05-13T18:24:16.909+0000] {dag.py:4180} INFO - Setting next_dagrun for retrain_model_dag to 2026-05-13 00:00:00+00:00, run_after=2026-05-14 00:00:00+00:00
[2026-05-13T18:24:16.969+0000] {processor.py:208} INFO - Processing /opt/airflow/dags/retrain_model_dag.py took 1.567 seconds
[2026-05-13T18:24:47.290+0000] {processor.py:186} INFO - Started process (PID=809) to work on /opt/airflow/dags/retrain_model_dag.py
[2026-05-13T18:24:47.292+0000] {processor.py:914} INFO - Processing file /opt/airflow/dags/retrain_model_dag.py for tasks to queue
[2026-05-13T18:24:47.294+0000] {logging_mixin.py:190} INFO - [2026-05-13T18:24:47.294+0000] {dagbag.py:588} INFO - Filling up the DagBag from /opt/airflow/dags/retrain_model_dag.py
[2026-05-13T18:24:48.819+0000] {processor.py:925} INFO - DAG(s) 'retrain_model_dag' retrieved from /opt/airflow/dags/retrain_model_dag.py
[2026-05-13T18:24:48.849+0000] {logging_mixin.py:190} INFO - [2026-05-13T18:24:48.848+0000] {dag.py:3239} INFO - Sync 1 DAGs
[2026-05-13T18:24:48.875+0000] {logging_mixin.py:190} INFO - [2026-05-13T18:24:48.875+0000] {dag.py:4180} INFO - Setting next_dagrun for retrain_model_dag to 2026-05-13 00:00:00+00:00, run_after=2026-05-14 00:00:00+00:00
[2026-05-13T18:24:48.927+0000] {processor.py:208} INFO - Processing /opt/airflow/dags/retrain_model_dag.py took 1.643 seconds
