[2026-05-13T18:06:42.270+0000] {local_task_job_runner.py:123} INFO - ::group::Pre task execution logs
[2026-05-13T18:06:42.294+0000] {taskinstance.py:2614} INFO - Dependencies all met for dep_context=non-requeueable deps ti=<TaskInstance: retrain_model_dag.retrain_model manual__2026-05-13T18:06:36.956593+00:00 [queued]>
[2026-05-13T18:06:42.308+0000] {taskinstance.py:2614} INFO - Dependencies all met for dep_context=requeueable deps ti=<TaskInstance: retrain_model_dag.retrain_model manual__2026-05-13T18:06:36.956593+00:00 [queued]>
[2026-05-13T18:06:42.309+0000] {taskinstance.py:2867} INFO - Starting attempt 1 of 2
[2026-05-13T18:06:42.349+0000] {taskinstance.py:2890} INFO - Executing <Task(PythonOperator): retrain_model> on 2026-05-13 18:06:36.956593+00:00
[2026-05-13T18:06:42.360+0000] {standard_task_runner.py:104} INFO - Running: ['airflow', 'tasks', 'run', 'retrain_model_dag', 'retrain_model', 'manual__2026-05-13T18:06:36.956593+00:00', '--job-id', '6', '--raw', '--subdir', 'DAGS_FOLDER/retrain_model_dag.py', '--cfg-path', '/tmp/tmpmjlz8q9i']
[2026-05-13T18:06:42.363+0000] {standard_task_runner.py:105} INFO - Job 6: Subtask retrain_model
[2026-05-13T18:06:42.364+0000] {logging_mixin.py:190} WARNING - /home/airflow/.local/lib/python3.12/site-packages/airflow/task/task_runner/standard_task_runner.py:70 DeprecationWarning: This process (pid=439) is multi-threaded, use of fork() may lead to deadlocks in the child.
[2026-05-13T18:06:42.364+0000] {standard_task_runner.py:72} INFO - Started process 457 to run task
[2026-05-13T18:06:42.459+0000] {task_command.py:467} INFO - Running <TaskInstance: retrain_model_dag.retrain_model manual__2026-05-13T18:06:36.956593+00:00 [running]> on host 3fc78cea2d9d
[2026-05-13T18:06:42.596+0000] {taskinstance.py:3134} INFO - Exporting env vars: AIRFLOW_CTX_DAG_OWNER='student' AIRFLOW_CTX_DAG_ID='retrain_model_dag' AIRFLOW_CTX_TASK_ID='retrain_model' AIRFLOW_CTX_EXECUTION_DATE='2026-05-13T18:06:36.956593+00:00' AIRFLOW_CTX_TRY_NUMBER='1' AIRFLOW_CTX_DAG_RUN_ID='manual__2026-05-13T18:06:36.956593+00:00'
[2026-05-13T18:06:42.597+0000] {taskinstance.py:732} INFO - ::endgroup::
[2026-05-13T18:06:42.858+0000] {logging_mixin.py:190} INFO - New model saved to: /opt/airflow/models/rf_model_20260513_180642.pkl
[2026-05-13T18:06:42.859+0000] {logging_mixin.py:190} INFO - New model accuracy: 0.935672514619883
[2026-05-13T18:06:42.922+0000] {python.py:240} INFO - Done. Returned value was: /opt/airflow/models/rf_model_20260513_180642.pkl
[2026-05-13T18:06:42.962+0000] {taskinstance.py:341} INFO - ::group::Post task execution logs
[2026-05-13T18:06:42.963+0000] {taskinstance.py:353} INFO - Marking task as SUCCESS. dag_id=retrain_model_dag, task_id=retrain_model, run_id=manual__2026-05-13T18:06:36.956593+00:00, execution_date=20260513T180636, start_date=20260513T180642, end_date=20260513T180642
[2026-05-13T18:06:43.062+0000] {local_task_job_runner.py:266} INFO - Task exited with return code 0
[2026-05-13T18:06:43.102+0000] {taskinstance.py:3901} INFO - 1 downstream tasks scheduled from follow-on schedule check
[2026-05-13T18:06:43.115+0000] {local_task_job_runner.py:245} INFO - ::endgroup::
