[2026-05-13T17:54:39.687+0000] {local_task_job_runner.py:123} INFO - ::group::Pre task execution logs
[2026-05-13T17:54:39.710+0000] {taskinstance.py:2614} INFO - Dependencies all met for dep_context=non-requeueable deps ti=<TaskInstance: retrain_model_dag.retrain_model scheduled__2026-05-12T00:00:00+00:00 [queued]>
[2026-05-13T17:54:39.726+0000] {taskinstance.py:2614} INFO - Dependencies all met for dep_context=requeueable deps ti=<TaskInstance: retrain_model_dag.retrain_model scheduled__2026-05-12T00:00:00+00:00 [queued]>
[2026-05-13T17:54:39.727+0000] {taskinstance.py:2867} INFO - Starting attempt 1 of 2
[2026-05-13T17:54:39.776+0000] {taskinstance.py:2890} INFO - Executing <Task(PythonOperator): retrain_model> on 2026-05-12 00:00:00+00:00
[2026-05-13T17:54:39.787+0000] {standard_task_runner.py:104} INFO - Running: ['airflow', 'tasks', 'run', 'retrain_model_dag', 'retrain_model', 'scheduled__2026-05-12T00:00:00+00:00', '--job-id', '2', '--raw', '--subdir', 'DAGS_FOLDER/retrain_model_dag.py', '--cfg-path', '/tmp/tmpleky1kpm']
[2026-05-13T17:54:39.790+0000] {standard_task_runner.py:105} INFO - Job 2: Subtask retrain_model
[2026-05-13T17:54:39.792+0000] {logging_mixin.py:190} WARNING - /home/airflow/.local/lib/python3.12/site-packages/airflow/task/task_runner/standard_task_runner.py:70 DeprecationWarning: This process (pid=129) is multi-threaded, use of fork() may lead to deadlocks in the child.
[2026-05-13T17:54:39.793+0000] {standard_task_runner.py:72} INFO - Started process 147 to run task
[2026-05-13T17:54:39.897+0000] {task_command.py:467} INFO - Running <TaskInstance: retrain_model_dag.retrain_model scheduled__2026-05-12T00:00:00+00:00 [running]> on host 3fc78cea2d9d
[2026-05-13T17:54:40.043+0000] {taskinstance.py:3134} INFO - Exporting env vars: AIRFLOW_CTX_DAG_OWNER='student' AIRFLOW_CTX_DAG_ID='retrain_model_dag' AIRFLOW_CTX_TASK_ID='retrain_model' AIRFLOW_CTX_EXECUTION_DATE='2026-05-12T00:00:00+00:00' AIRFLOW_CTX_TRY_NUMBER='1' AIRFLOW_CTX_DAG_RUN_ID='scheduled__2026-05-12T00:00:00+00:00'
[2026-05-13T17:54:40.044+0000] {taskinstance.py:732} INFO - ::endgroup::
[2026-05-13T17:54:40.367+0000] {logging_mixin.py:190} INFO - New model saved to: /opt/airflow/models/rf_model_20260513_175440.pkl
[2026-05-13T17:54:40.368+0000] {logging_mixin.py:190} INFO - New model accuracy: 0.935672514619883
[2026-05-13T17:54:40.460+0000] {python.py:240} INFO - Done. Returned value was: /opt/airflow/models/rf_model_20260513_175440.pkl
[2026-05-13T17:54:40.524+0000] {taskinstance.py:341} INFO - ::group::Post task execution logs
[2026-05-13T17:54:40.525+0000] {taskinstance.py:353} INFO - Marking task as SUCCESS. dag_id=retrain_model_dag, task_id=retrain_model, run_id=scheduled__2026-05-12T00:00:00+00:00, execution_date=20260512T000000, start_date=20260513T175439, end_date=20260513T175440
[2026-05-13T17:54:40.652+0000] {local_task_job_runner.py:266} INFO - Task exited with return code 0
[2026-05-13T17:54:40.789+0000] {taskinstance.py:3901} INFO - 1 downstream tasks scheduled from follow-on schedule check
[2026-05-13T17:54:40.817+0000] {local_task_job_runner.py:245} INFO - ::endgroup::
